
  .   ____          _            __ _ _
 /\\ / ___'_ __ _ _(_)_ __  __ _ \ \ \ \
( ( )\___ | '_ | '_| | '_ \/ _` | \ \ \ \
 \\/  ___)| |_)| | | | | || (_| |  ) ) ) )
  '  |____| .__|_| |_|_| |_\__, | / / / /
 =========|_|==============|___/=/_/_/_/
 :: Spring Boot ::                (v3.2.5)

2026-06-06T12:57:54.917+07:00  INFO 16560 --- [           main] c.s.SmartPelayananApplication            : Starting SmartPelayananApplication v1.0.0 using Java 21.0.11 with PID 16560 (C:\Users\MyBook Hype AMD\Downloads\prakoopp\target\smartpelayanan-1.0.0.jar started by MyBook Hype AMD in C:\Users\MyBook Hype AMD\Downloads\prakoopp)
2026-06-06T12:57:54.925+07:00  INFO 16560 --- [           main] c.s.SmartPelayananApplication            : No active profile set, falling back to 1 default profile: "default"
2026-06-06T12:57:57.486+07:00  INFO 16560 --- [           main] .s.d.r.c.RepositoryConfigurationDelegate : Bootstrapping Spring Data JPA repositories in DEFAULT mode.
2026-06-06T12:57:57.727+07:00  INFO 16560 --- [           main] .s.d.r.c.RepositoryConfigurationDelegate : Finished Spring Data repository scanning in 216 ms. Found 11 JPA repository interfaces.
2026-06-06T12:57:59.495+07:00  INFO 16560 --- [           main] o.s.b.w.embedded.tomcat.TomcatWebServer  : Tomcat initialized with port 8082 (http)
2026-06-06T12:57:59.527+07:00  INFO 16560 --- [           main] o.apache.catalina.core.StandardService   : Starting service [Tomcat]
2026-06-06T12:57:59.527+07:00  INFO 16560 --- [           main] o.apache.catalina.core.StandardEngine    : Starting Servlet engine: [Apache Tomcat/10.1.20]
2026-06-06T12:57:59.634+07:00  INFO 16560 --- [           main] o.a.c.c.C.[Tomcat].[localhost].[/]       : Initializing Spring embedded WebApplicationContext
2026-06-06T12:57:59.637+07:00  INFO 16560 --- [           main] w.s.c.ServletWebServerApplicationContext : Root WebApplicationContext: initialization completed in 4510 ms
2026-06-06T12:57:59.976+07:00  INFO 16560 --- [           main] com.zaxxer.hikari.HikariDataSource       : HikariPool-1 - Starting...
2026-06-06T12:58:00.589+07:00  INFO 16560 --- [           main] com.zaxxer.hikari.pool.HikariPool        : HikariPool-1 - Added connection org.postgresql.jdbc.PgConnection@3ba1308d
2026-06-06T12:58:00.594+07:00  INFO 16560 --- [           main] com.zaxxer.hikari.HikariDataSource       : HikariPool-1 - Start completed.
2026-06-06T12:58:00.855+07:00  INFO 16560 --- [           main] o.f.c.internal.license.VersionPrinter    : Flyway Community Edition 9.22.3 by Redgate
2026-06-06T12:58:00.862+07:00  INFO 16560 --- [           main] o.f.c.internal.license.VersionPrinter    : See release notes here: https://rd.gt/416ObMi
2026-06-06T12:58:00.862+07:00  INFO 16560 --- [           main] o.f.c.internal.license.VersionPrinter    : 
2026-06-06T12:58:00.907+07:00  INFO 16560 --- [           main] org.flywaydb.core.FlywayExecutor         : Database: jdbc:postgresql://localhost:5432/smartpelayanan (PostgreSQL 18.2)
2026-06-06T12:58:00.923+07:00  WARN 16560 --- [           main] o.f.c.internal.database.base.Database    : Flyway upgrade recommended: PostgreSQL 18.2 is newer than this version of Flyway and support has not been tested. The latest supported version of PostgreSQL is 15.
2026-06-06T12:58:00.990+07:00  INFO 16560 --- [           main] o.f.c.i.s.JdbcTableSchemaHistory         : Schema history table "public"."flyway_schema_history" does not exist yet
2026-06-06T12:58:00.999+07:00  INFO 16560 --- [           main] o.f.core.internal.command.DbValidate     : Successfully validated 1 migration (execution time 00:00.048s)
2026-06-06T12:58:01.059+07:00  INFO 16560 --- [           main] o.f.c.i.s.JdbcTableSchemaHistory         : Creating Schema History table "public"."flyway_schema_history" with baseline ...
2026-06-06T12:58:01.270+07:00  INFO 16560 --- [           main] o.f.core.internal.command.DbBaseline     : Successfully baselined schema with version: 1
2026-06-06T12:58:01.304+07:00  INFO 16560 --- [           main] o.f.core.internal.command.DbMigrate      : Current version of schema "public": 1
2026-06-06T12:58:01.312+07:00  INFO 16560 --- [           main] o.f.core.internal.command.DbMigrate      : Schema "public" is up to date. No migration necessary.
2026-06-06T12:58:01.537+07:00  INFO 16560 --- [           main] o.hibernate.jpa.internal.util.LogHelper  : HHH000204: Processing PersistenceUnitInfo [name: default]
2026-06-06T12:58:01.759+07:00  INFO 16560 --- [           main] org.hibernate.Version                    : HHH000412: Hibernate ORM core version 6.4.4.Final
2026-06-06T12:58:01.887+07:00  INFO 16560 --- [           main] o.h.c.internal.RegionFactoryInitiator    : HHH000026: Second-level cache disabled
2026-06-06T12:58:02.501+07:00  INFO 16560 --- [           main] o.s.o.j.p.SpringPersistenceUnitInfo      : No LoadTimeWeaver setup: ignoring JPA class transformer
2026-06-06T12:58:02.686+07:00  WARN 16560 --- [           main] org.hibernate.orm.deprecation            : HHH90000025: PostgreSQLDialect does not need to be specified explicitly using 'hibernate.dialect' (remove the property setting and it will be selected by default)
2026-06-06T12:58:05.871+07:00  INFO 16560 --- [           main] o.h.e.t.j.p.i.JtaPlatformInitiator       : HHH000489: No JTA platform available (set 'hibernate.transaction.jta.platform' to enable JTA platform integration)
2026-06-06T12:58:05.971+07:00  INFO 16560 --- [           main] j.LocalContainerEntityManagerFactoryBean : Initialized JPA EntityManagerFactory for persistence unit 'default'
2026-06-06T12:58:07.987+07:00  WARN 16560 --- [           main] JpaBaseConfiguration$JpaWebConfiguration : spring.jpa.open-in-view is enabled by default. Therefore, database queries may be performed during view rendering. Explicitly configure spring.jpa.open-in-view to disable this warning
2026-06-06T12:58:09.073+07:00  INFO 16560 --- [           main] o.s.s.web.DefaultSecurityFilterChain     : Will secure any request with [org.springframework.security.web.session.DisableEncodeUrlFilter@2b551e7b, org.springframework.security.web.context.request.async.WebAsyncManagerIntegrationFilter@36e95b7b, org.springframework.security.web.context.SecurityContextHolderFilter@10acfe30, org.springframework.security.web.header.HeaderWriterFilter@183e64a8, org.springframework.web.filter.CorsFilter@1e5921ec, org.springframework.security.web.authentication.logout.LogoutFilter@39eea4f6, com.smartpelayanan.config.JwtAuthenticationFilter@222dc36c, org.springframework.security.web.savedrequest.RequestCacheAwareFilter@789d45f7, org.springframework.security.web.servletapi.SecurityContextHolderAwareRequestFilter@240c626d, org.springframework.security.web.authentication.AnonymousAuthenticationFilter@309b6768, org.springframework.security.web.session.SessionManagementFilter@3cc5ca01, org.springframework.security.web.access.ExceptionTranslationFilter@18a538a0, org.springframework.security.web.access.intercept.AuthorizationFilter@5069a91b]
2026-06-06T12:58:10.009+07:00  INFO 16560 --- [           main] o.s.b.w.embedded.tomcat.TomcatWebServer  : Tomcat started on port 8082 (http) with context path ''
2026-06-06T12:58:10.035+07:00  INFO 16560 --- [           main] c.s.SmartPelayananApplication            : Started SmartPelayananApplication in 16.242 seconds (process running for 17.713)
Data already initialized, skipping...
2026-06-06T12:58:55.679+07:00  INFO 16560 --- [nio-8082-exec-2] o.a.c.c.C.[Tomcat].[localhost].[/]       : Initializing Spring DispatcherServlet 'dispatcherServlet'
2026-06-06T12:58:55.680+07:00  INFO 16560 --- [nio-8082-exec-2] o.s.web.servlet.DispatcherServlet        : Initializing Servlet 'dispatcherServlet'
2026-06-06T12:58:55.682+07:00  INFO 16560 --- [nio-8082-exec-2] o.s.web.servlet.DispatcherServlet        : Completed initialization in 2 ms
2026-06-06T13:36:07.807+07:00  WARN 16560 --- [l-1 housekeeper] com.zaxxer.hikari.pool.HikariPool        : HikariPool-1 - Thread starvation or clock leap detected (housekeeper delta=4m2s853ms172µs400ns).
