#
# There is insufficient memory for the Java Runtime Environment to continue.
# Native memory allocation (mmap) failed to map 65536 bytes. Error detail: Failed to commit metaspace.
# Possible reasons:
#   The system is out of physical RAM or swap space
#   This process is running with CompressedOops enabled, and the Java Heap may be blocking the growth of the native heap
# Possible solutions:
#   Reduce memory load on the system
#   Increase physical memory or swap space
#   Check if swap backing store is full
#   Decrease Java heap size (-Xmx/-Xms)
#   Decrease number of Java threads
#   Decrease Java thread stack sizes (-Xss)
#   Set larger code cache with -XX:ReservedCodeCacheSize=
#   JVM is running with Unscaled Compressed Oops mode in which the Java heap is
#     placed in the first 4GB address space. The Java Heap base address is the
#     maximum limit for the native heap growth. Please use -XX:HeapBaseMinAddress
#     to set the Java Heap base and to place the Java Heap above 4GB virtual address.
# This output file may be truncated or incomplete.
#
#  Out of Memory Error (virtualSpaceNode.cpp:113), pid=9900, tid=34924
#
# JRE version: OpenJDK Runtime Environment Temurin-21.0.10+7 (21.0.10+7) (build 21.0.10+7-LTS)
# Java VM: OpenJDK 64-Bit Server VM Temurin-21.0.10+7 (21.0.10+7-LTS, mixed mode, sharing, tiered, compressed oops, compressed class ptrs, parallel gc, windows-amd64)
# No core dump will be written. Minidumps are not enabled by default on client versions of Windows
#

---------------  S U M M A R Y ------------

Command Line: --add-modules=ALL-SYSTEM --add-opens=java.base/java.util=ALL-UNNAMED --add-opens=java.base/java.lang=ALL-UNNAMED --add-opens=java.base/sun.nio.fs=ALL-UNNAMED -Declipse.application=org.eclipse.jdt.ls.core.id1 -Dosgi.bundles.defaultStartLevel=4 -Declipse.product=org.eclipse.jdt.ls.core.product -Djava.import.generatesMetadataFilesAtProjectRoot=false -DDetectVMInstallationsJob.disabled=true -Dfile.encoding=utf8 -XX:+UseParallelGC -XX:GCTimeRatio=4 -XX:AdaptiveSizePolicyWeight=90 -Dsun.zip.disableMemoryMapping=true -Xmx2G -Xms100m -Xlog:disable -javaagent:c:\Users\MyBook Hype AMD\.antigravity\extensions\redhat.java-1.54.0-win32-x64\lombok\lombok-1.18.39-4050.jar -XX:+HeapDumpOnOutOfMemoryError -XX:HeapDumpPath=c:\Users\MyBook Hype AMD\AppData\Roaming\Antigravity\User\workspaceStorage\94c1fbf504c75793ac8a85c334097e1d\redhat.java -Daether.dependencyCollector.impl=bf c:\Users\MyBook Hype AMD\.antigravity\extensions\redhat.java-1.54.0-win32-x64\server\plugins\org.eclipse.equinox.launcher_1.7.100.v20251111-0406.jar -configuration c:\Users\MyBook Hype AMD\AppData\Roaming\Antigravity\User\globalStorage\redhat.java\1.54.0\config_win -data c:\Users\MyBook Hype AMD\AppData\Roaming\Antigravity\User\workspaceStorage\94c1fbf504c75793ac8a85c334097e1d\redhat.java\jdt_ws --pipe=\\.\pipe\lsp-d2d26659388becf72996357a2e19fe2c-sock

Host: AMD Ryzen 7 5825U with Radeon Graphics         , 16 cores, 15G,  Windows 11 , 64 bit Build 26100 (10.0.26100.8328)
Time: Sat May 30 11:56:07 2026 SE Asia Standard Time elapsed time: 24.712411 seconds (0d 0h 0m 24s)

---------------  T H R E A D  ---------------

Current thread (0x000001f1c5c95760):  JavaThread "Worker-0: Loading available Gradle versions"        [_thread_in_vm, id=34924, stack(0x000000ba51b00000,0x000000ba51c00000) (1024K)]

Stack: [0x000000ba51b00000,0x000000ba51c00000]
Native frames: (J=compiled Java code, j=interpreted, Vv=VM code, C=native code)
V  [jvm.dll+0x6d7a39]
V  [jvm.dll+0x8b4b26]
V  [jvm.dll+0x8b70de]
V  [jvm.dll+0x8b77c3]
V  [jvm.dll+0x284346]
V  [jvm.dll+0x8b086e]
V  [jvm.dll+0x679444]
V  [jvm.dll+0x6794aa]
V  [jvm.dll+0x67bca6]
V  [jvm.dll+0x67bb72]
V  [jvm.dll+0x679e1e]
V  [jvm.dll+0x2716cc]
V  [jvm.dll+0x72dd89]
V  [jvm.dll+0x72e88f]
V  [jvm.dll+0x3cc641]
V  [jvm.dll+0x3cb417]
V  [jvm.dll+0x3cb3b8]
V  [jvm.dll+0x3dce7a]
C  0x000001f1f73f9274

The last pc belongs to new (printed below).
Java frames: (J=compiled Java code, j=interpreted, Vv=VM code)
j  sun.security.ssl.SignatureScheme$SigAlgParamSpec.<init>(Ljava/lang/String;ILjava/lang/String;I)V+6 java.base@21.0.10
j  sun.security.ssl.SignatureScheme$SigAlgParamSpec.<clinit>()V+11 java.base@21.0.10
v  ~StubRoutines::call_stub 0x000001f1f73e100d
j  sun.security.ssl.SignatureScheme.<clinit>()V+171 java.base@21.0.10
v  ~StubRoutines::call_stub 0x000001f1f73e100d
j  sun.security.ssl.SSLSessionImpl.<clinit>()V+10 java.base@21.0.10
v  ~StubRoutines::call_stub 0x000001f1f73e100d
j  sun.security.ssl.TransportContext.<init>(Lsun/security/ssl/SSLContextImpl;Lsun/security/ssl/SSLTransport;Lsun/security/ssl/SSLConfiguration;Lsun/security/ssl/InputRecord;Lsun/security/ssl/OutputRecord;Z)V+115 java.base@21.0.10
j  sun.security.ssl.TransportContext.<init>(Lsun/security/ssl/SSLContextImpl;Lsun/security/ssl/SSLTransport;Lsun/security/ssl/InputRecord;Lsun/security/ssl/OutputRecord;Z)V+17 java.base@21.0.10
j  sun.security.ssl.SSLSocketImpl.<init>(Lsun/security/ssl/SSLContextImpl;)V+87 java.base@21.0.10
j  sun.security.ssl.SSLSocketFactoryImpl.createSocket()Ljava/net/Socket;+8 java.base@21.0.10
j  sun.net.www.protocol.https.HttpsClient.createSocket()Ljava/net/Socket;+4 java.base@21.0.10
j  sun.net.NetworkClient.doConnect(Ljava/lang/String;I)Ljava/net/Socket;+52 java.base@21.0.10
j  sun.net.www.http.HttpClient.openServer(Ljava/lang/String;I)V+4 java.base@21.0.10
j  sun.net.www.http.HttpClient.openServer()V+126 java.base@21.0.10
j  sun.net.www.protocol.https.HttpsClient.<init>(Ljavax/net/ssl/SSLSocketFactory;Ljava/net/URL;Ljava/net/Proxy;I)V+122 java.base@21.0.10
j  sun.net.www.protocol.https.HttpsClient.New(Ljavax/net/ssl/SSLSocketFactory;Ljava/net/URL;Ljavax/net/ssl/HostnameVerifier;Ljava/net/Proxy;ZILsun/net/www/protocol/http/HttpURLConnection;)Lsun/net/www/http/HttpClient;+405 java.base@21.0.10
j  sun.net.www.protocol.https.AbstractDelegateHttpsURLConnection.getNewHttpClient(Ljava/net/URL;Ljava/net/Proxy;I)Lsun/net/www/http/HttpClient;+13 java.base@21.0.10
j  sun.net.www.protocol.http.HttpURLConnection.plainConnect0()V+383 java.base@21.0.10
j  sun.net.www.protocol.http.HttpURLConnection.plainConnect()V+77 java.base@21.0.10
j  sun.net.www.protocol.https.AbstractDelegateHttpsURLConnection.connect()V+9 java.base@21.0.10
j  sun.net.www.protocol.http.HttpURLConnection.getInputStream0()Ljava/io/InputStream;+216 java.base@21.0.10
j  sun.net.www.protocol.http.HttpURLConnection.getInputStream()Ljava/io/InputStream;+62 java.base@21.0.10
j  sun.net.www.protocol.https.HttpsURLConnectionImpl.getInputStream()Ljava/io/InputStream;+4 java.base@21.0.10
j  org.eclipse.buildship.core.internal.util.gradle.PublishedGradleVersions.downloadVersionInformation()Ljava/lang/String;+37
j  org.eclipse.buildship.core.internal.util.gradle.PublishedGradleVersions.tryToDownloadAndCacheVersions(Ljava/io/File;Lorg/eclipse/buildship/core/internal/util/gradle/PublishedGradleVersions$LookupStrategy;)Lorg/eclipse/buildship/core/internal/util/gradle/PublishedGradleVersions;+17
j  org.eclipse.buildship.core.internal.util.gradle.PublishedGradleVersions.create(Lorg/eclipse/buildship/core/internal/util/gradle/PublishedGradleVersions$LookupStrategy;)Lorg/eclipse/buildship/core/internal/util/gradle/PublishedGradleVersions;+56
j  org.eclipse.buildship.core.internal.util.gradle.PublishedGradleVersionsWrapper$LoadVersionsJob.run(Lorg/eclipse/core/runtime/IProgressMonitor;)Lorg/eclipse/core/runtime/IStatus;+3
j  org.eclipse.core.internal.jobs.Worker.run()V+32
v  ~StubRoutines::call_stub 0x000001f1f73e100d
new  187 new  [0x000001f1f73f90e0, 0x000001f1f73f92e8]  520 bytes
[MachCode]
  0x000001f1f73f90e0: 4883 ec08 | c5fa 1104 | 24eb 1f48 | 83ec 10c5 | fb11 0424 | eb14 4883 | ec10 4889 | 0424 48c7 
  0x000001f1f73f9100: 4424 0800 | 0000 00eb | 0150 410f | b755 010f | cac1 ea10 | 488b 4de8 | 488b 4908 | 488b 4908 
  0x000001f1f73f9120: 488b 4108 | 807c 1004 | 070f 85d3 | 0000 0066 | 8b54 d148 | 488b 4928 | 488b 4cd1 | 0851 80b9 
  0x000001f1f73f9140: 3101 0000 | 040f 85b6 | 0000 008b | 5108 f6c2 | 010f 85aa | 0000 0049 | 8b87 b801 | 0000 488d 
  0x000001f1f73f9160: 1c10 493b | 9fc8 0100 | 000f 8792 | 0000 0049 | 899f b801 | 0000 4883 | ea10 0f84 | 0f00 0000 
  0x000001f1f73f9180: 33c9 c1ea | 0348 894c | d008 48ff | ca75 f648 | c700 0100 | 0000 5933 | f689 700c | 49ba 0000 
  0x000001f1f73f91a0: 0084 f101 | 0000 492b | ca89 4808 | 49ba c75c | cfbc fc7f | 0000 4180 | 3a00 0f84 | 3c00 0000 
  0x000001f1f73f91c0: 5048 8bc8 | 4883 ec20 | 40f6 c40f | 0f84 1900 | 0000 4883 | ec08 48b8 | 90e1 78bc | fc7f 0000 
  0x000001f1f73f91e0: ffd0 4883 | c408 e90c | 0000 0048 | b890 e178 | bcfc 7f00 | 00ff d048 | 83c4 2058 | e9cb 0000 
  0x000001f1f73f9200: 0059 488b | 55e8 488b | 5208 488b | 5208 450f | b745 0141 | 0fc8 41c1 | e810 e805 | 0000 00e9 
  0x000001f1f73f9220: a800 0000 | 488d 4424 | 084c 896d | c049 8bcf | c5f8 7749 | 89af b003 | 0000 4989 | 87a0 0300 
  0x000001f1f73f9240: 0048 83ec | 2040 f6c4 | 0f0f 8419 | 0000 0048 | 83ec 0848 | b8f0 cd42 | bcfc 7f00 | 00ff d048 
  0x000001f1f73f9260: 83c4 08e9 | 0c00 0000 | 48b8 f0cd | 42bc fc7f | 0000 ffd0 | 4883 c420 | 49c7 87a0 | 0300 0000 
  0x000001f1f73f9280: 0000 0049 | c787 b003 | 0000 0000 | 0000 49c7 | 87a8 0300 | 0000 0000 | 00c5 f877 | 4983 7f08 
  0x000001f1f73f92a0: 000f 8405 | 0000 00e9 | 547c feff | 498b 87f8 | 0300 0049 | c787 f803 | 0000 0000 | 0000 4c8b 
  0x000001f1f73f92c0: 6dc0 4c8b | 75c8 4e8d | 74f5 00c3 | 410f b65d | 0349 83c5 | 0349 ba10 | 25d2 bcfc | 7f00 0041 
  0x000001f1f73f92e0: ff24 da0f | 1f44 0000 
[/MachCode]

---------------  P R O C E S S  ---------------

Threads class SMR info:
_java_thread_list=0x000001f1ce414410, length=49, elements={
0x000001f1ea9d8ec0, 0x000001f1ece35400, 0x000001f1ece35fd0, 0x000001f1ece387b0,
0x000001f1ece39210, 0x000001f1ece3cf90, 0x000001f1ece45690, 0x000001f1ece4ae30,
0x000001f1ece4ca50, 0x000001f1c5e2ec10, 0x000001f1c75040a0, 0x000001f1cc0554c0,
0x000001f1cc0843d0, 0x000001f1cc329740, 0x000001f1c7886750, 0x000001f1c75b4480,
0x000001f1c758e410, 0x000001f1c7b0d5e0, 0x000001f1cc1fb080, 0x000001f1cc593ba0,
0x000001f1c5c6aba0, 0x000001f1cc9a2f20, 0x000001f1cc502f90, 0x000001f1c5c95760,
0x000001f1c5c94a40, 0x000001f1c5c950d0, 0x000001f1c5c943b0, 0x000001f1c5c95df0,
0x000001f1c5c971a0, 0x000001f1c5c97830, 0x000001f1c5c96480, 0x000001f1c5c96b10,
0x000001f1cdecde60, 0x000001f1cdece4f0, 0x000001f1cdecf210, 0x000001f1cdecf8a0,
0x000001f1cdeceb80, 0x000001f1cdeccab0, 0x000001f1cdecc420, 0x000001f1cdecd7d0,
0x000001f1cded05c0, 0x000001f1cdecff30, 0x000001f1cdecd140, 0x000001f1cded0c50,
0x000001f1cded3a40, 0x000001f1cded12e0, 0x000001f1cded33b0, 0x000001f1cded2690,
0x000001f1cded1970
}

Java Threads: ( => current thread )
  0x000001f1ea9d8ec0 JavaThread "main"                              [_thread_in_vm, id=33112, stack(0x000000ba4f500000,0x000000ba4f600000) (1024K)]
  0x000001f1ece35400 JavaThread "Reference Handler"          daemon [_thread_blocked, id=4936, stack(0x000000ba4f900000,0x000000ba4fa00000) (1024K)]
  0x000001f1ece35fd0 JavaThread "Finalizer"                  daemon [_thread_blocked, id=30712, stack(0x000000ba4fa00000,0x000000ba4fb00000) (1024K)]
  0x000001f1ece387b0 JavaThread "Signal Dispatcher"          daemon [_thread_blocked, id=16328, stack(0x000000ba4fb00000,0x000000ba4fc00000) (1024K)]
  0x000001f1ece39210 JavaThread "Attach Listener"            daemon [_thread_blocked, id=25068, stack(0x000000ba4fc00000,0x000000ba4fd00000) (1024K)]
  0x000001f1ece3cf90 JavaThread "Service Thread"             daemon [_thread_blocked, id=26344, stack(0x000000ba4fd00000,0x000000ba4fe00000) (1024K)]
  0x000001f1ece45690 JavaThread "Monitor Deflation Thread"   daemon [_thread_blocked, id=29820, stack(0x000000ba4fe00000,0x000000ba4ff00000) (1024K)]
  0x000001f1ece4ae30 JavaThread "C2 CompilerThread0"         daemon [_thread_in_native, id=27440, stack(0x000000ba4ff00000,0x000000ba50000000) (1024K)]
  0x000001f1ece4ca50 JavaThread "C1 CompilerThread0"         daemon [_thread_blocked, id=31048, stack(0x000000ba50000000,0x000000ba50100000) (1024K)]
  0x000001f1c5e2ec10 JavaThread "Common-Cleaner"             daemon [_thread_blocked, id=4616, stack(0x000000ba50300000,0x000000ba50400000) (1024K)]
  0x000001f1c75040a0 JavaThread "Notification Thread"        daemon [_thread_blocked, id=32140, stack(0x000000ba50200000,0x000000ba50300000) (1024K)]
  0x000001f1cc0554c0 JavaThread "Active Thread: Equinox Container: ac8f8cb3-5918-4836-99a0-178ac5b48d08"        [_thread_blocked, id=3480, stack(0x000000ba50700000,0x000000ba50800000) (1024K)]
  0x000001f1cc0843d0 JavaThread "Refresh Thread: Equinox Container: ac8f8cb3-5918-4836-99a0-178ac5b48d08" daemon [_thread_blocked, id=32196, stack(0x000000ba50400000,0x000000ba50500000) (1024K)]
  0x000001f1cc329740 JavaThread "Framework Event Dispatcher: Equinox Container: ac8f8cb3-5918-4836-99a0-178ac5b48d08" daemon [_thread_blocked, id=32880, stack(0x000000ba50500000,0x000000ba50600000) (1024K)]
  0x000001f1c7886750 JavaThread "Start Level: Equinox Container: ac8f8cb3-5918-4836-99a0-178ac5b48d08" daemon [_thread_blocked, id=34288, stack(0x000000ba50600000,0x000000ba50700000) (1024K)]
  0x000001f1c75b4480 JavaThread "Bundle File Closer"         daemon [_thread_blocked, id=35428, stack(0x000000ba51400000,0x000000ba51500000) (1024K)]
  0x000001f1c758e410 JavaThread "C1 CompilerThread1"         daemon [_thread_blocked, id=28124, stack(0x000000ba50100000,0x000000ba50200000) (1024K)]
  0x000001f1c7b0d5e0 JavaThread "SCR Component Actor"        daemon [_thread_blocked, id=9448, stack(0x000000ba51200000,0x000000ba51300000) (1024K)]
  0x000001f1cc1fb080 JavaThread "C1 CompilerThread2"         daemon [_thread_blocked, id=34932, stack(0x000000ba51300000,0x000000ba51400000) (1024K)]
  0x000001f1cc593ba0 JavaThread "C2 CompilerThread1"         daemon [_thread_in_native, id=26960, stack(0x000000ba51500000,0x000000ba51600000) (1024K)]
  0x000001f1c5c6aba0 JavaThread "C2 CompilerThread2"         daemon [_thread_in_native, id=34824, stack(0x000000ba51600000,0x000000ba51700000) (1024K)]
  0x000001f1cc9a2f20 JavaThread "Worker-JM"                         [_thread_blocked, id=28380, stack(0x000000ba51700000,0x000000ba51800000) (1024K)]
  0x000001f1cc502f90 JavaThread "C1 CompilerThread3"         daemon [_thread_blocked, id=28148, stack(0x000000ba51a00000,0x000000ba51b00000) (1024K)]
=>0x000001f1c5c95760 JavaThread "Worker-0: Loading available Gradle versions"        [_thread_in_vm, id=34924, stack(0x000000ba51b00000,0x000000ba51c00000) (1024K)]
  0x000001f1c5c94a40 JavaThread "Worker-1: Initialize After Load"        [_thread_blocked, id=34912, stack(0x000000ba51c00000,0x000000ba51d00000) (1024K)]
  0x000001f1c5c950d0 JavaThread "Java indexing"              daemon [_thread_blocked, id=34868, stack(0x000000ba51d00000,0x000000ba51e00000) (1024K)]
  0x000001f1c5c943b0 JavaThread "JNA Cleaner"                daemon [_thread_blocked, id=28304, stack(0x000000ba51e00000,0x000000ba51f00000) (1024K)]
  0x000001f1c5c95df0 JavaThread "Worker-2: Updating Maven Dependencies"        [_thread_in_vm, id=25664, stack(0x000000ba52200000,0x000000ba52300000) (1024K)]
  0x000001f1c5c971a0 JavaThread "Worker-3: Repository registry initialization"        [_thread_blocked, id=28316, stack(0x000000ba52300000,0x000000ba52400000) (1024K)]
  0x000001f1c5c97830 JavaThread "Thread-1"                   daemon [_thread_in_native, id=22664, stack(0x000000ba52400000,0x000000ba52500000) (1024K)]
  0x000001f1c5c96480 JavaThread "Thread-2"                   daemon [_thread_in_native, id=34872, stack(0x000000ba52500000,0x000000ba52600000) (1024K)]
  0x000001f1c5c96b10 JavaThread "Thread-3"                   daemon [_thread_in_native, id=34888, stack(0x000000ba52600000,0x000000ba52700000) (1024K)]
  0x000001f1cdecde60 JavaThread "Thread-4"                   daemon [_thread_in_native, id=35392, stack(0x000000ba52700000,0x000000ba52800000) (1024K)]
  0x000001f1cdece4f0 JavaThread "Thread-5"                   daemon [_thread_in_native, id=35288, stack(0x000000ba52800000,0x000000ba52900000) (1024K)]
  0x000001f1cdecf210 JavaThread "Thread-6"                   daemon [_thread_in_native, id=13488, stack(0x000000ba52900000,0x000000ba52a00000) (1024K)]
  0x000001f1cdecf8a0 JavaThread "Thread-7"                   daemon [_thread_in_native, id=28368, stack(0x000000ba52a00000,0x000000ba52b00000) (1024K)]
  0x000001f1cdeceb80 JavaThread "Thread-8"                   daemon [_thread_in_native, id=29180, stack(0x000000ba52b00000,0x000000ba52c00000) (1024K)]
  0x000001f1cdeccab0 JavaThread "Thread-9"                   daemon [_thread_in_native, id=29224, stack(0x000000ba52c00000,0x000000ba52d00000) (1024K)]
  0x000001f1cdecc420 JavaThread "Thread-10"                  daemon [_thread_in_native, id=26384, stack(0x000000ba52d00000,0x000000ba52e00000) (1024K)]
  0x000001f1cdecd7d0 JavaThread "Thread-11"                  daemon [_thread_in_native, id=4452, stack(0x000000ba52e00000,0x000000ba52f00000) (1024K)]
  0x000001f1cded05c0 JavaThread "Thread-12"                  daemon [_thread_in_native, id=23968, stack(0x000000ba52f00000,0x000000ba53000000) (1024K)]
  0x000001f1cdecff30 JavaThread "Thread-13"                  daemon [_thread_in_native, id=33256, stack(0x000000ba53000000,0x000000ba53100000) (1024K)]
  0x000001f1cdecd140 JavaThread "Thread-14"                  daemon [_thread_in_native, id=12196, stack(0x000000ba53100000,0x000000ba53200000) (1024K)]
  0x000001f1cded0c50 JavaThread "Thread-15"                  daemon [_thread_in_native, id=23744, stack(0x000000ba53200000,0x000000ba53300000) (1024K)]
  0x000001f1cded3a40 JavaThread "Thread-16"                  daemon [_thread_in_native, id=34980, stack(0x000000ba53300000,0x000000ba53400000) (1024K)]
  0x000001f1cded12e0 JavaThread "Thread-17"                  daemon [_thread_in_native, id=28088, stack(0x000000ba53400000,0x000000ba53500000) (1024K)]
  0x000001f1cded33b0 JavaThread "pool-2-thread-1"                   [_thread_blocked, id=34968, stack(0x000000ba53500000,0x000000ba53600000) (1024K)]
  0x000001f1cded2690 JavaThread "Worker-4"                          [_thread_blocked, id=11016, stack(0x000000ba53600000,0x000000ba53700000) (1024K)]
  0x000001f1cded1970 JavaThread "Worker-5"                          [_thread_blocked, id=34892, stack(0x000000ba53700000,0x000000ba53800000) (1024K)]
Total: 49

Other Threads:
  0x000001f1ff8214f0 VMThread "VM Thread"                           [id=3468, stack(0x000000ba4f800000,0x000000ba4f900000) (1024K)]
  0x000001f1ecdfa980 WatcherThread "VM Periodic Task Thread"        [id=27372, stack(0x000000ba4f700000,0x000000ba4f800000) (1024K)]
  0x000001f1ecdac8d0 WorkerThread "GC Thread#0"                     [id=31436, stack(0x000000ba4f600000,0x000000ba4f700000) (1024K)]
  0x000001f1c7819580 WorkerThread "GC Thread#1"                     [id=19516, stack(0x000000ba50800000,0x000000ba50900000) (1024K)]
  0x000001f1c780c170 WorkerThread "GC Thread#2"                     [id=24452, stack(0x000000ba50900000,0x000000ba50a00000) (1024K)]
  0x000001f1c780c520 WorkerThread "GC Thread#3"                     [id=25076, stack(0x000000ba50a00000,0x000000ba50b00000) (1024K)]
  0x000001f1c780c8d0 WorkerThread "GC Thread#4"                     [id=30424, stack(0x000000ba50b00000,0x000000ba50c00000) (1024K)]
  0x000001f1c78c7970 WorkerThread "GC Thread#5"                     [id=23588, stack(0x000000ba50c00000,0x000000ba50d00000) (1024K)]
  0x000001f1c78c7d20 WorkerThread "GC Thread#6"                     [id=18156, stack(0x000000ba50d00000,0x000000ba50e00000) (1024K)]
  0x000001f1cc124410 WorkerThread "GC Thread#7"                     [id=11116, stack(0x000000ba50e00000,0x000000ba50f00000) (1024K)]
  0x000001f1c7aedca0 WorkerThread "GC Thread#8"                     [id=35244, stack(0x000000ba50f00000,0x000000ba51000000) (1024K)]
  0x000001f1c7aee050 WorkerThread "GC Thread#9"                     [id=35248, stack(0x000000ba51000000,0x000000ba51100000) (1024K)]
  0x000001f1c7aee400 WorkerThread "GC Thread#10"                    [id=35252, stack(0x000000ba51100000,0x000000ba51200000) (1024K)]
  0x000001f1cc9a3b70 WorkerThread "GC Thread#11"                    [id=28360, stack(0x000000ba51800000,0x000000ba51900000) (1024K)]
  0x000001f1cc9a3f20 WorkerThread "GC Thread#12"                    [id=28340, stack(0x000000ba51900000,0x000000ba51a00000) (1024K)]
Total: 15

Threads with active compile tasks:
C2 CompilerThread0  24750 4788   !   4       org.eclipse.osgi.internal.loader.classpath.ClasspathManager::findClassImpl (328 bytes)
C2 CompilerThread1  24750 4702       4       org.eclipse.osgi.internal.loader.BundleLoader::addExportedProvidersFor (167 bytes)
C2 CompilerThread2  24751 4638       4       org.eclipse.osgi.internal.serviceregistry.ServiceRegistry::notifyHooksPrivileged (57 bytes)
Total: 3

VM state: not at safepoint (normal execution)

VM Mutex/Monitor currently owned by a thread:  ([mutex/lock_event])
[0x00007ffcbcd0c4e0] Metaspace_lock - owner thread: 0x000001f1c5c95760
[0x00007ffcbcd0d060] MethodCompileQueue_lock - owner thread: 0x000001f1c5c6aba0
[0x00007ffcbcd0e460] CodeCache_lock - owner thread: 0x000001f1c5c6aba0
[0x00007ffcbcd0e5e0] Compile_lock - owner thread: 0x000001f1c5c6aba0

Heap address: 0x0000000080000000, size: 2048 MB, Compressed Oops mode: 32-bit

CDS archive(s) mapped at: [0x000001f184000000-0x000001f184ba0000-0x000001f184ba0000), size 12189696, SharedBaseAddress: 0x000001f184000000, ArchiveRelocationMode: 1.
Compressed class space mapped at: 0x000001f185000000-0x000001f1c5000000, reserved size: 1073741824
Narrow klass base: 0x000001f184000000, Narrow klass shift: 0, Narrow klass range: 0x100000000

GC Precious Log:
 CardTable entry size: 512
 CPUs: 16 total, 16 available
 Memory: 15772M
 Large Page Support: Disabled
 NUMA Support: Disabled
 Compressed Oops: Enabled (32-bit)
 Alignments: Space 512K, Generation 512K, Heap 2M
 Heap Min Capacity: 100M
 Heap Initial Capacity: 100M
 Heap Max Capacity: 2G
 Pre-touch: Disabled
 Parallel Workers: 13

Heap:
 PSYoungGen      total 23040K, used 11960K [0x00000000d5580000, 0x00000000d6f80000, 0x0000000100000000)
  eden space 22016K, 54% used [0x00000000d5580000,0x00000000d612e300,0x00000000d6b00000)
  from space 1024K, 0% used [0x00000000d6e80000,0x00000000d6e80000,0x00000000d6f80000)
  to   space 2048K, 0% used [0x00000000d6b80000,0x00000000d6b80000,0x00000000d6d80000)
 ParOldGen       total 68608K, used 19395K [0x0000000080000000, 0x0000000084300000, 0x00000000d5580000)
  object space 68608K, 28% used [0x0000000080000000,0x00000000812f0d50,0x0000000084300000)
 Metaspace       used 36965K, committed 37952K, reserved 1114112K
  class space    used 3814K, committed 4288K, reserved 1048576K

Card table byte_map: [0x000001f1ec730000,0x000001f1ecb40000] _byte_map_base: 0x000001f1ec330000

Marking Bits: (ParMarkBitMap*) 0x00007ffcbcd13450
 Begin Bits: [0x000001f180000000, 0x000001f182000000)
 End Bits:   [0x000001f182000000, 0x000001f184000000)

Polling page: 0x000001f1eb0e0000

Metaspace:

Usage:
  Non-class:     32.37 MB used.
      Class:      3.73 MB used.
       Both:     36.10 MB used.

Virtual space:
  Non-class space:       64.00 MB reserved,      32.88 MB ( 51%) committed,  1 nodes.
      Class space:        1.00 GB reserved,       4.19 MB ( <1%) committed,  1 nodes.
             Both:        1.06 GB reserved,      37.06 MB (  3%) committed. 

Chunk freelists:
   Non-Class:  14.31 MB
       Class:  11.79 MB
        Both:  26.11 MB

MaxMetaspaceSize: unlimited
CompressedClassSpaceSize: 1.00 GB
Initial GC threshold: 21.00 MB
Current GC threshold: 58.38 MB
CDS: on
 - commit_granule_bytes: 65536.
 - commit_granule_words: 8192.
 - virtual_space_node_default_size: 8388608.
 - enlarge_chunks_in_place: 1.
 - use_allocation_guard: 0.


Internal statistics:

num_allocs_failed_limit: 8.
num_arena_births: 724.
num_arena_deaths: 14.
num_vsnodes_births: 2.
num_vsnodes_deaths: 0.
num_space_committed: 593.
num_space_uncommitted: 0.
num_chunks_returned_to_freelist: 22.
num_chunks_taken_from_freelist: 2173.
num_chunk_merges: 13.
num_chunk_splits: 1370.
num_chunks_enlarged: 821.
num_inconsistent_stats: 0.

CodeHeap 'non-profiled nmethods': size=119168Kb used=2048Kb max_used=2334Kb free=117119Kb
 bounds [0x000001f1f7b30000, 0x000001f1f7da0000, 0x000001f1fef90000]
CodeHeap 'profiled nmethods': size=119104Kb used=9543Kb max_used=11083Kb free=109560Kb
 bounds [0x000001f1eff90000, 0x000001f1f0a70000, 0x000001f1f73e0000]
CodeHeap 'non-nmethods': size=7488Kb used=3062Kb max_used=3106Kb free=4426Kb
 bounds [0x000001f1f73e0000, 0x000001f1f7750000, 0x000001f1f7b30000]
CodeCache: size=245760Kb, used=14653Kb, max_used=16523Kb, free=231105Kb
 total_blobs=5217, nmethods=4546, adapters=574, full_count=0
Compilation: enabled, stopped_count=0, restarted_count=0

Compilation events (20 events):
Event: 24.707 Thread 0x000001f1cc1fb080 nmethod 5133 0x000001f1effc6890 code [0x000001f1effc6a60, 0x000001f1effc6c80]
Event: 24.707 Thread 0x000001f1ece4ca50 5135       3       java.util.Arrays::spliterator (10 bytes)
Event: 24.707 Thread 0x000001f1c758e410 nmethod 5138 0x000001f1effe7e10 code [0x000001f1effe7fe0, 0x000001f1effe8438]
Event: 24.707 Thread 0x000001f1cc1fb080 5136       3       java.util.Spliterators::spliterator (25 bytes)
Event: 24.707 Thread 0x000001f1ece4ca50 nmethod 5135 0x000001f1eff9dc90 code [0x000001f1eff9de40, 0x000001f1eff9df60]
Event: 24.707 Thread 0x000001f1c758e410 5137       3       java.util.Spliterators::checkFromToBounds (74 bytes)
Event: 24.707 Thread 0x000001f1ece4ca50 5139       3       sun.reflect.generics.parser.SignatureParser::make (8 bytes)
Event: 24.708 Thread 0x000001f1ece4ca50 nmethod 5139 0x000001f1eff95610 code [0x000001f1eff957c0, 0x000001f1eff959c0]
Event: 24.708 Thread 0x000001f1ece4ca50 5140       3       sun.reflect.generics.parser.SignatureParser::<init> (5 bytes)
Event: 24.708 Thread 0x000001f1cc1fb080 nmethod 5136 0x000001f1f00b2510 code [0x000001f1f00b2700, 0x000001f1f00b2a58]
Event: 24.708 Thread 0x000001f1cc1fb080 5141       3       sun.reflect.generics.parser.SignatureParser::init (16 bytes)
Event: 24.708 Thread 0x000001f1c758e410 nmethod 5137 0x000001f1f011ec10 code [0x000001f1f011eec0, 0x000001f1f011f8b8]
Event: 24.708 Thread 0x000001f1cc1fb080 nmethod 5141 0x000001f1f0153210 code [0x000001f1f01533a0, 0x000001f1f01534d8]
Event: 24.708 Thread 0x000001f1ece4ca50 nmethod 5140 0x000001f1f0296f90 code [0x000001f1f0297140, 0x000001f1f02972a8]
Event: 24.708 Thread 0x000001f1c758e410 5142       3       sun.reflect.generics.scope.AbstractScope::<init> (10 bytes)
Event: 24.708 Thread 0x000001f1cc1fb080 5143       3       sun.reflect.generics.factory.CoreReflectionFactory::make (10 bytes)
Event: 24.708 Thread 0x000001f1ece4ca50 5144       3       sun.reflect.generics.factory.CoreReflectionFactory::<init> (15 bytes)
Event: 24.708 Thread 0x000001f1c758e410 nmethod 5142 0x000001f1f0362190 code [0x000001f1f0362340, 0x000001f1f03624c8]
Event: 24.708 Thread 0x000001f1ece4ca50 nmethod 5144 0x000001f1f0385310 code [0x000001f1f03854c0, 0x000001f1f0385658]
Event: 24.708 Thread 0x000001f1cc1fb080 nmethod 5143 0x000001f1f004a410 code [0x000001f1f004a5c0, 0x000001f1f004a7f8]

GC Heap History (20 events):
Event: 23.519 GC heap before
{Heap before GC invocations=7 (full 0):
 PSYoungGen      total 29696K, used 29681K [0x00000000d5580000, 0x00000000d7880000, 0x0000000100000000)
  eden space 24576K, 100% used [0x00000000d5580000,0x00000000d6d80000,0x00000000d6d80000)
  from space 5120K, 99% used [0x00000000d7380000,0x00000000d787c7c0,0x00000000d7880000)
  to   space 5632K, 0% used [0x00000000d6d80000,0x00000000d6d80000,0x00000000d7300000)
 ParOldGen       total 68608K, used 7243K [0x0000000080000000, 0x0000000084300000, 0x00000000d5580000)
  object space 68608K, 10% used [0x0000000080000000,0x0000000080712d20,0x0000000084300000)
 Metaspace       used 19955K, committed 20672K, reserved 1114112K
  class space    used 2071K, committed 2368K, reserved 1048576K
}
Event: 23.523 GC heap after
{Heap after GC invocations=7 (full 0):
 PSYoungGen      total 29184K, used 4882K [0x00000000d5580000, 0x00000000d7700000, 0x0000000100000000)
  eden space 24064K, 0% used [0x00000000d5580000,0x00000000d5580000,0x00000000d6d00000)
  from space 5120K, 95% used [0x00000000d6d80000,0x00000000d72449d8,0x00000000d7280000)
  to   space 4608K, 0% used [0x00000000d7280000,0x00000000d7280000,0x00000000d7700000)
 ParOldGen       total 68608K, used 8963K [0x0000000080000000, 0x0000000084300000, 0x00000000d5580000)
  object space 68608K, 13% used [0x0000000080000000,0x00000000808c0d28,0x0000000084300000)
 Metaspace       used 19955K, committed 20672K, reserved 1114112K
  class space    used 2071K, committed 2368K, reserved 1048576K
}
Event: 23.569 GC heap before
{Heap before GC invocations=8 (full 0):
 PSYoungGen      total 29184K, used 10018K [0x00000000d5580000, 0x00000000d7700000, 0x0000000100000000)
  eden space 24064K, 21% used [0x00000000d5580000,0x00000000d5a84100,0x00000000d6d00000)
  from space 5120K, 95% used [0x00000000d6d80000,0x00000000d72449d8,0x00000000d7280000)
  to   space 4608K, 0% used [0x00000000d7280000,0x00000000d7280000,0x00000000d7700000)
 ParOldGen       total 68608K, used 8963K [0x0000000080000000, 0x0000000084300000, 0x00000000d5580000)
  object space 68608K, 13% used [0x0000000080000000,0x00000000808c0d28,0x0000000084300000)
 Metaspace       used 20849K, committed 21504K, reserved 1114112K
  class space    used 2142K, committed 2432K, reserved 1048576K
}
Event: 23.570 GC heap after
{Heap after GC invocations=8 (full 0):
 PSYoungGen      total 28672K, used 4601K [0x00000000d5580000, 0x00000000d7700000, 0x0000000100000000)
  eden space 24064K, 0% used [0x00000000d5580000,0x00000000d5580000,0x00000000d6d00000)
  from space 4608K, 99% used [0x00000000d7280000,0x00000000d76fe460,0x00000000d7700000)
  to   space 5120K, 0% used [0x00000000d6d00000,0x00000000d6d00000,0x00000000d7200000)
 ParOldGen       total 68608K, used 9360K [0x0000000080000000, 0x0000000084300000, 0x00000000d5580000)
  object space 68608K, 13% used [0x0000000080000000,0x0000000080924048,0x0000000084300000)
 Metaspace       used 20849K, committed 21504K, reserved 1114112K
  class space    used 2142K, committed 2432K, reserved 1048576K
}
Event: 23.570 GC heap before
{Heap before GC invocations=9 (full 1):
 PSYoungGen      total 28672K, used 4601K [0x00000000d5580000, 0x00000000d7700000, 0x0000000100000000)
  eden space 24064K, 0% used [0x00000000d5580000,0x00000000d5580000,0x00000000d6d00000)
  from space 4608K, 99% used [0x00000000d7280000,0x00000000d76fe460,0x00000000d7700000)
  to   space 5120K, 0% used [0x00000000d6d00000,0x00000000d6d00000,0x00000000d7200000)
 ParOldGen       total 68608K, used 9360K [0x0000000080000000, 0x0000000084300000, 0x00000000d5580000)
  object space 68608K, 13% used [0x0000000080000000,0x0000000080924048,0x0000000084300000)
 Metaspace       used 20849K, committed 21504K, reserved 1114112K
  class space    used 2142K, committed 2432K, reserved 1048576K
}
Event: 23.598 GC heap after
{Heap after GC invocations=9 (full 1):
 PSYoungGen      total 28672K, used 0K [0x00000000d5580000, 0x00000000d7700000, 0x0000000100000000)
  eden space 24064K, 0% used [0x00000000d5580000,0x00000000d5580000,0x00000000d6d00000)
  from space 4608K, 0% used [0x00000000d7280000,0x00000000d7280000,0x00000000d7700000)
  to   space 5120K, 0% used [0x00000000d6d00000,0x00000000d6d00000,0x00000000d7200000)
 ParOldGen       total 68608K, used 13305K [0x0000000080000000, 0x0000000084300000, 0x00000000d5580000)
  object space 68608K, 19% used [0x0000000080000000,0x0000000080cfe520,0x0000000084300000)
 Metaspace       used 20836K, committed 21504K, reserved 1114112K
  class space    used 2139K, committed 2432K, reserved 1048576K
}
Event: 23.733 GC heap before
{Heap before GC invocations=10 (full 1):
 PSYoungGen      total 28672K, used 24064K [0x00000000d5580000, 0x00000000d7700000, 0x0000000100000000)
  eden space 24064K, 100% used [0x00000000d5580000,0x00000000d6d00000,0x00000000d6d00000)
  from space 4608K, 0% used [0x00000000d7280000,0x00000000d7280000,0x00000000d7700000)
  to   space 5120K, 0% used [0x00000000d6d00000,0x00000000d6d00000,0x00000000d7200000)
 ParOldGen       total 68608K, used 13305K [0x0000000080000000, 0x0000000084300000, 0x00000000d5580000)
  object space 68608K, 19% used [0x0000000080000000,0x0000000080cfe520,0x0000000084300000)
 Metaspace       used 23355K, committed 24064K, reserved 1114112K
  class space    used 2312K, committed 2624K, reserved 1048576K
}
Event: 23.734 GC heap after
{Heap after GC invocations=10 (full 1):
 PSYoungGen      total 24064K, used 320K [0x00000000d5580000, 0x00000000d7300000, 0x0000000100000000)
  eden space 23552K, 0% used [0x00000000d5580000,0x00000000d5580000,0x00000000d6c80000)
  from space 512K, 62% used [0x00000000d6d00000,0x00000000d6d50000,0x00000000d6d80000)
  to   space 2560K, 0% used [0x00000000d7080000,0x00000000d7080000,0x00000000d7300000)
 ParOldGen       total 68608K, used 13313K [0x0000000080000000, 0x0000000084300000, 0x00000000d5580000)
  object space 68608K, 19% used [0x0000000080000000,0x0000000080d00520,0x0000000084300000)
 Metaspace       used 23355K, committed 24064K, reserved 1114112K
  class space    used 2312K, committed 2624K, reserved 1048576K
}
Event: 23.840 GC heap before
{Heap before GC invocations=11 (full 1):
 PSYoungGen      total 24064K, used 23872K [0x00000000d5580000, 0x00000000d7300000, 0x0000000100000000)
  eden space 23552K, 100% used [0x00000000d5580000,0x00000000d6c80000,0x00000000d6c80000)
  from space 512K, 62% used [0x00000000d6d00000,0x00000000d6d50000,0x00000000d6d80000)
  to   space 2560K, 0% used [0x00000000d7080000,0x00000000d7080000,0x00000000d7300000)
 ParOldGen       total 68608K, used 13313K [0x0000000080000000, 0x0000000084300000, 0x00000000d5580000)
  object space 68608K, 19% used [0x0000000080000000,0x0000000080d00520,0x0000000084300000)
 Metaspace       used 25445K, committed 26176K, reserved 1114112K
  class space    used 2462K, committed 2752K, reserved 1048576K
}
Event: 23.841 GC heap after
{Heap after GC invocations=11 (full 1):
 PSYoungGen      total 25600K, used 2120K [0x00000000d5580000, 0x00000000d7300000, 0x0000000100000000)
  eden space 23040K, 0% used [0x00000000d5580000,0x00000000d5580000,0x00000000d6c00000)
  from space 2560K, 82% used [0x00000000d7080000,0x00000000d72922b0,0x00000000d7300000)
  to   space 2560K, 0% used [0x00000000d6e00000,0x00000000d6e00000,0x00000000d7080000)
 ParOldGen       total 68608K, used 13321K [0x0000000080000000, 0x0000000084300000, 0x00000000d5580000)
  object space 68608K, 19% used [0x0000000080000000,0x0000000080d02520,0x0000000084300000)
 Metaspace       used 25445K, committed 26176K, reserved 1114112K
  class space    used 2462K, committed 2752K, reserved 1048576K
}
Event: 24.192 GC heap before
{Heap before GC invocations=12 (full 1):
 PSYoungGen      total 25600K, used 25160K [0x00000000d5580000, 0x00000000d7300000, 0x0000000100000000)
  eden space 23040K, 100% used [0x00000000d5580000,0x00000000d6c00000,0x00000000d6c00000)
  from space 2560K, 82% used [0x00000000d7080000,0x00000000d72922b0,0x00000000d7300000)
  to   space 2560K, 0% used [0x00000000d6e00000,0x00000000d6e00000,0x00000000d7080000)
 ParOldGen       total 68608K, used 13321K [0x0000000080000000, 0x0000000084300000, 0x00000000d5580000)
  object space 68608K, 19% used [0x0000000080000000,0x0000000080d02520,0x0000000084300000)
 Metaspace       used 28400K, committed 29184K, reserved 1114112K
  class space    used 2755K, committed 3072K, reserved 1048576K
}
Event: 24.194 GC heap after
{Heap after GC invocations=12 (full 1):
 PSYoungGen      total 24576K, used 1636K [0x00000000d5580000, 0x00000000d7100000, 0x0000000100000000)
  eden space 22528K, 0% used [0x00000000d5580000,0x00000000d5580000,0x00000000d6b80000)
  from space 2048K, 79% used [0x00000000d6e00000,0x00000000d6f991b8,0x00000000d7000000)
  to   space 1024K, 0% used [0x00000000d7000000,0x00000000d7000000,0x00000000d7100000)
 ParOldGen       total 68608K, used 15226K [0x0000000080000000, 0x0000000084300000, 0x00000000d5580000)
  object space 68608K, 22% used [0x0000000080000000,0x0000000080ede818,0x0000000084300000)
 Metaspace       used 28400K, committed 29184K, reserved 1114112K
  class space    used 2755K, committed 3072K, reserved 1048576K
}
Event: 24.429 GC heap before
{Heap before GC invocations=13 (full 1):
 PSYoungGen      total 24576K, used 24164K [0x00000000d5580000, 0x00000000d7100000, 0x0000000100000000)
  eden space 22528K, 100% used [0x00000000d5580000,0x00000000d6b80000,0x00000000d6b80000)
  from space 2048K, 79% used [0x00000000d6e00000,0x00000000d6f991b8,0x00000000d7000000)
  to   space 1024K, 0% used [0x00000000d7000000,0x00000000d7000000,0x00000000d7100000)
 ParOldGen       total 68608K, used 15226K [0x0000000080000000, 0x0000000084300000, 0x00000000d5580000)
  object space 68608K, 22% used [0x0000000080000000,0x0000000080ede818,0x0000000084300000)
 Metaspace       used 31557K, committed 32448K, reserved 1114112K
  class space    used 3115K, committed 3520K, reserved 1048576K
}
Event: 24.432 GC heap after
{Heap after GC invocations=13 (full 1):
 PSYoungGen      total 23040K, used 1008K [0x00000000d5580000, 0x00000000d7200000, 0x0000000100000000)
  eden space 22016K, 0% used [0x00000000d5580000,0x00000000d5580000,0x00000000d6b00000)
  from space 1024K, 98% used [0x00000000d7000000,0x00000000d70fc3f0,0x00000000d7100000)
  to   space 3584K, 0% used [0x00000000d6b00000,0x00000000d6b00000,0x00000000d6e80000)
 ParOldGen       total 68608K, used 17419K [0x0000000080000000, 0x0000000084300000, 0x00000000d5580000)
  object space 68608K, 25% used [0x0000000080000000,0x0000000081102c00,0x0000000084300000)
 Metaspace       used 31557K, committed 32448K, reserved 1114112K
  class space    used 3115K, committed 3520K, reserved 1048576K
}
Event: 24.566 GC heap before
{Heap before GC invocations=14 (full 1):
 PSYoungGen      total 23040K, used 23024K [0x00000000d5580000, 0x00000000d7200000, 0x0000000100000000)
  eden space 22016K, 100% used [0x00000000d5580000,0x00000000d6b00000,0x00000000d6b00000)
  from space 1024K, 98% used [0x00000000d7000000,0x00000000d70fc3f0,0x00000000d7100000)
  to   space 3584K, 0% used [0x00000000d6b00000,0x00000000d6b00000,0x00000000d6e80000)
 ParOldGen       total 68608K, used 17419K [0x0000000080000000, 0x0000000084300000, 0x00000000d5580000)
  object space 68608K, 25% used [0x0000000080000000,0x0000000081102c00,0x0000000084300000)
 Metaspace       used 34091K, committed 35136K, reserved 1114112K
  class space    used 3450K, committed 3904K, reserved 1048576K
}
Event: 24.568 GC heap after
{Heap after GC invocations=14 (full 1):
 PSYoungGen      total 25600K, used 3440K [0x00000000d5580000, 0x00000000d7200000, 0x0000000100000000)
  eden space 22016K, 0% used [0x00000000d5580000,0x00000000d5580000,0x00000000d6b00000)
  from space 3584K, 96% used [0x00000000d6b00000,0x00000000d6e5c2c0,0x00000000d6e80000)
  to   space 3584K, 0% used [0x00000000d6e80000,0x00000000d6e80000,0x00000000d7200000)
 ParOldGen       total 68608K, used 18960K [0x0000000080000000, 0x0000000084300000, 0x00000000d5580000)
  object space 68608K, 27% used [0x0000000080000000,0x0000000081284350,0x0000000084300000)
 Metaspace       used 34091K, committed 35136K, reserved 1114112K
  class space    used 3450K, committed 3904K, reserved 1048576K
}
Event: 24.621 GC heap before
{Heap before GC invocations=15 (full 1):
 PSYoungGen      total 25600K, used 10997K [0x00000000d5580000, 0x00000000d7200000, 0x0000000100000000)
  eden space 22016K, 34% used [0x00000000d5580000,0x00000000d5ce1200,0x00000000d6b00000)
  from space 3584K, 96% used [0x00000000d6b00000,0x00000000d6e5c2c0,0x00000000d6e80000)
  to   space 3584K, 0% used [0x00000000d6e80000,0x00000000d6e80000,0x00000000d7200000)
 ParOldGen       total 68608K, used 18960K [0x0000000080000000, 0x0000000084300000, 0x00000000d5580000)
  object space 68608K, 27% used [0x0000000080000000,0x0000000081284350,0x0000000084300000)
 Metaspace       used 34871K, committed 35840K, reserved 1114112K
  class space    used 3548K, committed 3968K, reserved 1048576K
}
Event: 24.623 GC heap after
{Heap after GC invocations=15 (full 1):
 PSYoungGen      total 23040K, used 864K [0x00000000d5580000, 0x00000000d6f80000, 0x0000000100000000)
  eden space 22016K, 0% used [0x00000000d5580000,0x00000000d5580000,0x00000000d6b00000)
  from space 1024K, 84% used [0x00000000d6e80000,0x00000000d6f58000,0x00000000d6f80000)
  to   space 2048K, 0% used [0x00000000d6b80000,0x00000000d6b80000,0x00000000d6d80000)
 ParOldGen       total 68608K, used 20155K [0x0000000080000000, 0x0000000084300000, 0x00000000d5580000)
  object space 68608K, 29% used [0x0000000080000000,0x00000000813aeef0,0x0000000084300000)
 Metaspace       used 34871K, committed 35840K, reserved 1114112K
  class space    used 3548K, committed 3968K, reserved 1048576K
}
Event: 24.623 GC heap before
{Heap before GC invocations=16 (full 2):
 PSYoungGen      total 23040K, used 864K [0x00000000d5580000, 0x00000000d6f80000, 0x0000000100000000)
  eden space 22016K, 0% used [0x00000000d5580000,0x00000000d5580000,0x00000000d6b00000)
  from space 1024K, 84% used [0x00000000d6e80000,0x00000000d6f58000,0x00000000d6f80000)
  to   space 2048K, 0% used [0x00000000d6b80000,0x00000000d6b80000,0x00000000d6d80000)
 ParOldGen       total 68608K, used 20155K [0x0000000080000000, 0x0000000084300000, 0x00000000d5580000)
  object space 68608K, 29% used [0x0000000080000000,0x00000000813aeef0,0x0000000084300000)
 Metaspace       used 34871K, committed 35840K, reserved 1114112K
  class space    used 3548K, committed 3968K, reserved 1048576K
}
Event: 24.650 GC heap after
{Heap after GC invocations=16 (full 2):
 PSYoungGen      total 23040K, used 0K [0x00000000d5580000, 0x00000000d6f80000, 0x0000000100000000)
  eden space 22016K, 0% used [0x00000000d5580000,0x00000000d5580000,0x00000000d6b00000)
  from space 1024K, 0% used [0x00000000d6e80000,0x00000000d6e80000,0x00000000d6f80000)
  to   space 2048K, 0% used [0x00000000d6b80000,0x00000000d6b80000,0x00000000d6d80000)
 ParOldGen       total 68608K, used 19395K [0x0000000080000000, 0x0000000084300000, 0x00000000d5580000)
  object space 68608K, 28% used [0x0000000080000000,0x00000000812f0d50,0x0000000084300000)
 Metaspace       used 34871K, committed 35840K, reserved 1114112K
  class space    used 3548K, committed 3968K, reserved 1048576K
}

Dll operation events (13 events):
Event: 0.074 Loaded shared library c:\Users\MyBook Hype AMD\.antigravity\extensions\redhat.java-1.54.0-win32-x64\jre\21.0.10-win32-x86_64\bin\java.dll
Event: 0.259 Loaded shared library c:\Users\MyBook Hype AMD\.antigravity\extensions\redhat.java-1.54.0-win32-x64\jre\21.0.10-win32-x86_64\bin\zip.dll
Event: 0.285 Loaded shared library C:\Users\MyBook Hype AMD\.antigravity\extensions\redhat.java-1.54.0-win32-x64\jre\21.0.10-win32-x86_64\bin\instrument.dll
Event: 0.336 Loaded shared library C:\Users\MyBook Hype AMD\.antigravity\extensions\redhat.java-1.54.0-win32-x64\jre\21.0.10-win32-x86_64\bin\net.dll
Event: 0.375 Loaded shared library C:\Users\MyBook Hype AMD\.antigravity\extensions\redhat.java-1.54.0-win32-x64\jre\21.0.10-win32-x86_64\bin\nio.dll
Event: 0.378 Loaded shared library C:\Users\MyBook Hype AMD\.antigravity\extensions\redhat.java-1.54.0-win32-x64\jre\21.0.10-win32-x86_64\bin\zip.dll
Event: 0.397 Loaded shared library C:\Users\MyBook Hype AMD\.antigravity\extensions\redhat.java-1.54.0-win32-x64\jre\21.0.10-win32-x86_64\bin\jimage.dll
Event: 0.501 Loaded shared library c:\Users\MyBook Hype AMD\.antigravity\extensions\redhat.java-1.54.0-win32-x64\jre\21.0.10-win32-x86_64\bin\verify.dll
Event: 10.577 Loaded shared library C:\Users\MyBook Hype AMD\AppData\Roaming\Antigravity\User\globalStorage\redhat.java\1.54.0\config_win\org.eclipse.equinox.launcher\org.eclipse.equinox.launcher.win32.win32.x86_64_1.3.0.v20260203-2149\eclipse_11919.dll
Event: 23.026 Loaded shared library C:\Users\MyBook Hype AMD\.antigravity\extensions\redhat.java-1.54.0-win32-x64\jre\21.0.10-win32-x86_64\bin\management.dll
Event: 23.028 Loaded shared library C:\Users\MyBook Hype AMD\.antigravity\extensions\redhat.java-1.54.0-win32-x64\jre\21.0.10-win32-x86_64\bin\management_ext.dll
Event: 24.224 Loaded shared library C:\Users\MyBook Hype AMD\AppData\Local\Temp\jna--873495991\jna11359424701678196954.dll
Event: 24.393 Loaded shared library C:\Users\MyBook Hype AMD\.antigravity\extensions\redhat.java-1.54.0-win32-x64\jre\21.0.10-win32-x86_64\bin\sunmscapi.dll

Deoptimization events (20 events):
Event: 24.545 Thread 0x000001f1c5c95760 Uncommon trap: trap_request=0xffffffde fr.pc=0x000001f1f7c38a48 relative=0x0000000000001608
Event: 24.545 Thread 0x000001f1c5c95760 Uncommon trap: reason=class_check action=maybe_recompile pc=0x000001f1f7c38a48 method=java.lang.String.<init>(Ljava/nio/charset/Charset;[BII)V @ 509 c2
Event: 24.545 Thread 0x000001f1c5c95760 DEOPT PACKING pc=0x000001f1f7c38a48 sp=0x000000ba51bfd840
Event: 24.545 Thread 0x000001f1c5c95760 DEOPT UNPACKING pc=0x000001f1f7433aa2 sp=0x000000ba51bfd7e8 mode 2
Event: 24.546 Thread 0x000001f1c5c95760 Uncommon trap: trap_request=0xffffffde fr.pc=0x000001f1f7c38a48 relative=0x0000000000001608
Event: 24.546 Thread 0x000001f1c5c95760 Uncommon trap: reason=class_check action=maybe_recompile pc=0x000001f1f7c38a48 method=java.lang.String.<init>(Ljava/nio/charset/Charset;[BII)V @ 509 c2
Event: 24.546 Thread 0x000001f1c5c95760 DEOPT PACKING pc=0x000001f1f7c38a48 sp=0x000000ba51bfd840
Event: 24.546 Thread 0x000001f1c5c95760 DEOPT UNPACKING pc=0x000001f1f7433aa2 sp=0x000000ba51bfd7e8 mode 2
Event: 24.687 Thread 0x000001f1c5c95760 Uncommon trap: trap_request=0xffffff45 fr.pc=0x000001f1f7d55068 relative=0x0000000000000228
Event: 24.687 Thread 0x000001f1c5c95760 Uncommon trap: reason=unstable_if action=reinterpret pc=0x000001f1f7d55068 method=java.util.HashMap.putVal(ILjava/lang/Object;Ljava/lang/Object;ZZ)Ljava/lang/Object; @ 162 c2
Event: 24.687 Thread 0x000001f1c5c95760 DEOPT PACKING pc=0x000001f1f7d55068 sp=0x000000ba51bfc850
Event: 24.687 Thread 0x000001f1c5c95760 DEOPT UNPACKING pc=0x000001f1f7433aa2 sp=0x000000ba51bfc758 mode 2
Event: 24.709 Thread 0x000001f1c5c95760 Uncommon trap: trap_request=0xffffff3d fr.pc=0x000001f1f7bfff88 relative=0x00000000000001e8
Event: 24.709 Thread 0x000001f1c5c95760 Uncommon trap: reason=unstable_fused_if action=reinterpret pc=0x000001f1f7bfff88 method=java.lang.CharacterDataLatin1.equalsIgnoreCase(BB)Z @ 16 c2
Event: 24.709 Thread 0x000001f1c5c95760 DEOPT PACKING pc=0x000001f1f7bfff88 sp=0x000000ba51bfd3c0
Event: 24.709 Thread 0x000001f1c5c95760 DEOPT UNPACKING pc=0x000001f1f7433aa2 sp=0x000000ba51bfd2c8 mode 2
Event: 24.709 Thread 0x000001f1ea9d8ec0 Uncommon trap: trap_request=0xffffffde fr.pc=0x000001f1f7c831f0 relative=0x0000000000000050
Event: 24.709 Thread 0x000001f1ea9d8ec0 Uncommon trap: reason=class_check action=maybe_recompile pc=0x000001f1f7c831f0 method=java.lang.invoke.DirectMethodHandle.internalMemberName(Ljava/lang/Object;)Ljava/lang/Object; @ 1 c2
Event: 24.709 Thread 0x000001f1ea9d8ec0 DEOPT PACKING pc=0x000001f1f7c831f0 sp=0x000000ba4f5fe410
Event: 24.709 Thread 0x000001f1ea9d8ec0 DEOPT UNPACKING pc=0x000001f1f7433aa2 sp=0x000000ba4f5fe3a0 mode 2

Classes loaded (20 events):
Event: 24.700 Loading class sun/security/util/math/intpoly/Curve25519OrderField
Event: 24.700 Loading class sun/security/util/math/intpoly/Curve25519OrderField done
Event: 24.700 Loading class sun/security/util/math/intpoly/IntegerPolynomial$ImmutableElement
Event: 24.700 Loading class sun/security/util/math/ImmutableIntegerModuloP
Event: 24.700 Loading class sun/security/util/math/IntegerModuloP
Event: 24.700 Loading class sun/security/util/math/IntegerModuloP done
Event: 24.701 Loading class sun/security/util/math/ImmutableIntegerModuloP done
Event: 24.701 Loading class sun/security/util/math/intpoly/IntegerPolynomial$Element
Event: 24.701 Loading class sun/security/util/math/intpoly/IntegerPolynomial$Element done
Event: 24.701 Loading class sun/security/util/math/intpoly/IntegerPolynomial$ImmutableElement done
Event: 24.702 Loading class sun/security/util/math/intpoly/IntegerPolynomial$Limb
Event: 24.702 Loading class sun/security/util/math/SmallValue
Event: 24.702 Loading class sun/security/util/math/SmallValue done
Event: 24.702 Loading class sun/security/util/math/intpoly/IntegerPolynomial$Limb done
Event: 24.704 Loading class sun/security/util/math/intpoly/IntegerPolynomial448
Event: 24.705 Loading class sun/security/util/math/intpoly/IntegerPolynomial448 done
Event: 24.705 Loading class sun/security/util/math/intpoly/Curve448OrderField
Event: 24.705 Loading class sun/security/util/math/intpoly/Curve448OrderField done
Event: 24.709 Loading class sun/security/ssl/SignatureScheme$SigAlgParamSpec
Event: 24.710 Loading class sun/security/ssl/SignatureScheme$SigAlgParamSpec done

Classes unloaded (7 events):
Event: 23.574 Thread 0x000001f1ff8214f0 Unloading class 0x000001f1851a5000 'java/lang/invoke/LambdaForm$MH+0x000001f1851a5000'
Event: 23.574 Thread 0x000001f1ff8214f0 Unloading class 0x000001f1851a4c00 'java/lang/invoke/LambdaForm$MH+0x000001f1851a4c00'
Event: 23.574 Thread 0x000001f1ff8214f0 Unloading class 0x000001f1851a4800 'java/lang/invoke/LambdaForm$MH+0x000001f1851a4800'
Event: 23.574 Thread 0x000001f1ff8214f0 Unloading class 0x000001f1851a4400 'java/lang/invoke/LambdaForm$MH+0x000001f1851a4400'
Event: 23.574 Thread 0x000001f1ff8214f0 Unloading class 0x000001f1851a4000 'java/lang/invoke/LambdaForm$BMH+0x000001f1851a4000'
Event: 23.574 Thread 0x000001f1ff8214f0 Unloading class 0x000001f1851a3c00 'java/lang/invoke/LambdaForm$DMH+0x000001f1851a3c00'
Event: 23.574 Thread 0x000001f1ff8214f0 Unloading class 0x000001f1851a2800 'java/lang/invoke/LambdaForm$DMH+0x000001f1851a2800'

Classes redefined (0 events):
No events

Internal exceptions (20 events):
Event: 24.379 Thread 0x000001f1ea9d8ec0 Exception <a 'java/lang/NoSuchMethodError'{0x00000000d653ecd8}: 'java.lang.Object java.lang.invoke.DirectMethodHandle$Holder.newInvokeSpecial(java.lang.Object, long)'> (0x00000000d653ecd8) 
thrown [s\src\hotspot\share\interpreter\linkResolver.cpp, line 773]
Event: 24.397 Thread 0x000001f1c5c95df0 Exception <a 'java/lang/NoSuchMethodError'{0x00000000d67f9588}: 'java.lang.Object java.lang.invoke.DirectMethodHandle$Holder.invokeStaticInit(java.lang.Object, java.lang.Object, java.lang.Object, java.lang.Object, java.lang.Object, java.lang.Object, java.lang.Object)'> (0x00000000d67f9588) 
thrown [s\src\hotspot\share\interpreter\linkResolver.cpp, line 773]
Event: 24.398 Thread 0x000001f1c5c95df0 Exception <a 'java/lang/NoSuchMethodError'{0x00000000d68240a0}: 'java.lang.Object java.lang.invoke.Invokers$Holder.invoke_MT(java.lang.Object, java.lang.Object, java.lang.Object, java.lang.Object, java.lang.Object, java.lang.Object, java.lang.Object, java.lang.Object, java.lang.Object)'> (0x00000000d68240a0) 
thrown [s\src\hotspot\share\interpreter\linkResolver.cpp, line 773]
Event: 24.403 Thread 0x000001f1c5c95df0 Exception <a 'java/lang/NoSuchMethodError'{0x00000000d68b7798}: 'int java.lang.invoke.DirectMethodHandle$Holder.invokeVirtual(java.lang.Object, java.lang.Object, java.lang.Object)'> (0x00000000d68b7798) 
thrown [s\src\hotspot\share\interpreter\linkResolver.cpp, line 773]
Event: 24.403 Thread 0x000001f1c5c95df0 Exception <a 'java/lang/NoSuchMethodError'{0x00000000d68bb740}: 'int java.lang.invoke.DirectMethodHandle$Holder.invokeStaticInit(java.lang.Object, int, int)'> (0x00000000d68bb740) 
thrown [s\src\hotspot\share\interpreter\linkResolver.cpp, line 773]
Event: 24.404 Thread 0x000001f1c5c95df0 Exception <a 'java/lang/NoSuchMethodError'{0x00000000d68c2aa8}: 'int java.lang.invoke.DirectMethodHandle$Holder.invokeStaticInit(java.lang.Object, long, long)'> (0x00000000d68c2aa8) 
thrown [s\src\hotspot\share\interpreter\linkResolver.cpp, line 773]
Event: 24.404 Thread 0x000001f1c5c95df0 Exception <a 'java/lang/NoSuchMethodError'{0x00000000d68d8c08}: 'int java.lang.invoke.DirectMethodHandle$Holder.invokeStaticInit(java.lang.Object, float, float)'> (0x00000000d68d8c08) 
thrown [s\src\hotspot\share\interpreter\linkResolver.cpp, line 773]
Event: 24.405 Thread 0x000001f1c5c95df0 Exception <a 'java/lang/NoSuchMethodError'{0x00000000d68df598}: 'int java.lang.invoke.DirectMethodHandle$Holder.invokeStaticInit(java.lang.Object, double, double)'> (0x00000000d68df598) 
thrown [s\src\hotspot\share\interpreter\linkResolver.cpp, line 773]
Event: 24.405 Thread 0x000001f1c5c95df0 Exception <a 'java/lang/NoSuchMethodError'{0x00000000d68e3990}: 'int java.lang.invoke.DirectMethodHandle$Holder.invokeStatic(java.lang.Object, long)'> (0x00000000d68e3990) 
thrown [s\src\hotspot\share\interpreter\linkResolver.cpp, line 773]
Event: 24.409 Thread 0x000001f1c5c95df0 Exception <a 'java/lang/NoSuchMethodError'{0x00000000d6930120}: 'int java.lang.invoke.Invokers$Holder.linkToTargetMethod(java.lang.Object, java.lang.Object)'> (0x00000000d6930120) 
thrown [s\src\hotspot\share\interpreter\linkResolver.cpp, line 773]
Event: 24.432 Thread 0x000001f1c5c95760 Exception <a 'sun/nio/fs/WindowsException'{0x00000000d5580090}> (0x00000000d5580090) 
thrown [s\src\hotspot\share\prims\jni.cpp, line 520]
Event: 24.446 Thread 0x000001f1c5c95df0 Exception <a 'java/lang/NoSuchMethodError'{0x00000000d56c8d50}: 'java.lang.Object java.lang.invoke.DirectMethodHandle$Holder.invokeSpecialIFC(java.lang.Object, java.lang.Object, java.lang.Object, java.lang.Object)'> (0x00000000d56c8d50) 
thrown [s\src\hotspot\share\interpreter\linkResolver.cpp, line 773]
Event: 24.497 Thread 0x000001f1c5c971a0 Exception <a 'java/lang/NoSuchMethodError'{0x00000000d5e798d0}: 'int java.lang.invoke.DirectMethodHandle$Holder.invokeSpecial(java.lang.Object, java.lang.Object, java.lang.Object, java.lang.Object)'> (0x00000000d5e798d0) 
thrown [s\src\hotspot\share\interpreter\linkResolver.cpp, line 773]
Event: 24.498 Thread 0x000001f1c5c971a0 Exception <a 'java/lang/NoSuchMethodError'{0x00000000d5edbcf0}: 'java.lang.Object java.lang.invoke.DirectMethodHandle$Holder.invokeStatic(java.lang.Object, int, java.lang.Object, java.lang.Object)'> (0x00000000d5edbcf0) 
thrown [s\src\hotspot\share\interpreter\linkResolver.cpp, line 773]
Event: 24.498 Thread 0x000001f1c5c971a0 Exception <a 'java/lang/NoSuchMethodError'{0x00000000d5edf4d0}: 'java.lang.Object java.lang.invoke.DelegatingMethodHandle$Holder.delegate(java.lang.Object, int, java.lang.Object, java.lang.Object)'> (0x00000000d5edf4d0) 
thrown [s\src\hotspot\share\interpreter\linkResolver.cpp, line 773]
Event: 24.499 Thread 0x000001f1c5c971a0 Implicit null exception at 0x000001f1f7d5ab76 to 0x000001f1f7d5ae98
Event: 24.501 Thread 0x000001f1c5c971a0 Exception <a 'java/lang/NoSuchMethodError'{0x00000000d5f510b0}: 'int java.lang.invoke.Invokers$Holder.linkToTargetMethod(java.lang.Object, java.lang.Object, java.lang.Object)'> (0x00000000d5f510b0) 
thrown [s\src\hotspot\share\interpreter\linkResolver.cpp, line 773]
Event: 24.708 Thread 0x000001f1ea9d8ec0 Exception <a 'java/lang/NoSuchMethodError'{0x00000000d60c9d38}: 'void java.lang.invoke.DirectMethodHandle$Holder.invokeSpecial(java.lang.Object, java.lang.Object, java.lang.Object, java.lang.Object, java.lang.Object, java.lang.Object)'> (0x00000000d60c9d38) 
thrown [s\src\hotspot\share\interpreter\linkResolver.cpp, line 773]
Event: 24.709 Thread 0x000001f1ea9d8ec0 Exception <a 'java/lang/IncompatibleClassChangeError'{0x00000000d60ebc90}: Found class java.lang.Object, but interface was expected> (0x00000000d60ebc90) 
thrown [s\src\hotspot\share\interpreter\linkResolver.cpp, line 840]
Event: 24.710 Thread 0x000001f1ea9d8ec0 Exception <a 'java/lang/IncompatibleClassChangeError'{0x00000000d60ed9d8}: Found class java.lang.Object, but interface was expected> (0x00000000d60ed9d8) 
thrown [s\src\hotspot\share\interpreter\linkResolver.cpp, line 840]

ZGC Phase Switch (0 events):
No events

VM Operations (20 events):
Event: 24.339 Executing non-safepoint VM operation: HandshakeAllThreads (Deoptimize)
Event: 24.339 Executing non-safepoint VM operation: HandshakeAllThreads (Deoptimize) done
Event: 24.414 Executing non-safepoint VM operation: HandshakeAllThreads (Deoptimize)
Event: 24.414 Executing non-safepoint VM operation: HandshakeAllThreads (Deoptimize) done
Event: 24.429 Executing safepoint VM operation: ParallelGCFailedAllocation (Allocation Failure)
Event: 24.432 Executing safepoint VM operation: ParallelGCFailedAllocation (Allocation Failure) done
Event: 24.435 Executing non-safepoint VM operation: HandshakeAllThreads (Deoptimize)
Event: 24.438 Executing non-safepoint VM operation: HandshakeAllThreads (Deoptimize) done
Event: 24.541 Executing non-safepoint VM operation: HandshakeAllThreads (Deoptimize)
Event: 24.541 Executing non-safepoint VM operation: HandshakeAllThreads (Deoptimize) done
Event: 24.565 Executing safepoint VM operation: ParallelGCFailedAllocation (Allocation Failure)
Event: 24.568 Executing safepoint VM operation: ParallelGCFailedAllocation (Allocation Failure) done
Event: 24.621 Executing safepoint VM operation: CollectForMetadataAllocation (Metadata GC Threshold)
Event: 24.650 Executing safepoint VM operation: CollectForMetadataAllocation (Metadata GC Threshold) done
Event: 24.650 Executing safepoint VM operation: CollectForMetadataAllocation (Metadata GC Threshold)
Event: 24.650 Executing safepoint VM operation: CollectForMetadataAllocation (Metadata GC Threshold) done
Event: 24.666 Executing non-safepoint VM operation: HandshakeAllThreads (Deoptimize)
Event: 24.667 Executing non-safepoint VM operation: HandshakeAllThreads (Deoptimize) done
Event: 24.689 Executing non-safepoint VM operation: HandshakeAllThreads (Deoptimize)
Event: 24.689 Executing non-safepoint VM operation: HandshakeAllThreads (Deoptimize) done

Memory protections (0 events):
No events

Nmethod flushes (20 events):
Event: 24.638 Thread 0x000001f1ff8214f0 flushing  nmethod 0x000001f1f064b490
Event: 24.638 Thread 0x000001f1ff8214f0 flushing  nmethod 0x000001f1f0680090
Event: 24.638 Thread 0x000001f1ff8214f0 flushing  nmethod 0x000001f1f06b0c10
Event: 24.638 Thread 0x000001f1ff8214f0 flushing  nmethod 0x000001f1f06e5110
Event: 24.638 Thread 0x000001f1ff8214f0 flushing  nmethod 0x000001f1f06f0610
Event: 24.638 Thread 0x000001f1ff8214f0 flushing  nmethod 0x000001f1f06f0a10
Event: 24.638 Thread 0x000001f1ff8214f0 flushing  nmethod 0x000001f1f06f1310
Event: 24.638 Thread 0x000001f1ff8214f0 flushing  nmethod 0x000001f1f06f2510
Event: 24.638 Thread 0x000001f1ff8214f0 flushing  nmethod 0x000001f1f06f3510
Event: 24.638 Thread 0x000001f1ff8214f0 flushing  nmethod 0x000001f1f06f5210
Event: 24.638 Thread 0x000001f1ff8214f0 flushing  nmethod 0x000001f1f06f5710
Event: 24.638 Thread 0x000001f1ff8214f0 flushing  nmethod 0x000001f1f06f6010
Event: 24.638 Thread 0x000001f1ff8214f0 flushing  nmethod 0x000001f1f06f6890
Event: 24.638 Thread 0x000001f1ff8214f0 flushing  nmethod 0x000001f1f06f7410
Event: 24.638 Thread 0x000001f1ff8214f0 flushing  nmethod 0x000001f1f06f8e90
Event: 24.638 Thread 0x000001f1ff8214f0 flushing  nmethod 0x000001f1f06fa910
Event: 24.638 Thread 0x000001f1ff8214f0 flushing  nmethod 0x000001f1f073b390
Event: 24.638 Thread 0x000001f1ff8214f0 flushing  nmethod 0x000001f1f0741890
Event: 24.638 Thread 0x000001f1ff8214f0 flushing  nmethod 0x000001f1f0748810
Event: 24.638 Thread 0x000001f1ff8214f0 flushing  nmethod 0x000001f1f07d4610

Events (20 events):
Event: 24.358 Thread 0x000001f1c5c95df0 Thread added: 0x000001f1c5c971a0
Event: 24.388 Thread 0x000001f1ea9d8ec0 Thread added: 0x000001f1c5c97830
Event: 24.389 Thread 0x000001f1ea9d8ec0 Thread added: 0x000001f1c5c96480
Event: 24.389 Thread 0x000001f1ea9d8ec0 Thread added: 0x000001f1c5c96b10
Event: 24.389 Thread 0x000001f1ea9d8ec0 Thread added: 0x000001f1cdecde60
Event: 24.389 Thread 0x000001f1ea9d8ec0 Thread added: 0x000001f1cdece4f0
Event: 24.390 Thread 0x000001f1ea9d8ec0 Thread added: 0x000001f1cdecf210
Event: 24.390 Thread 0x000001f1ea9d8ec0 Thread added: 0x000001f1cdecf8a0
Event: 24.390 Thread 0x000001f1ea9d8ec0 Thread added: 0x000001f1cdeceb80
Event: 24.390 Thread 0x000001f1ea9d8ec0 Thread added: 0x000001f1cdeccab0
Event: 24.390 Thread 0x000001f1ea9d8ec0 Thread added: 0x000001f1cdecc420
Event: 24.390 Thread 0x000001f1ea9d8ec0 Thread added: 0x000001f1cdecd7d0
Event: 24.390 Thread 0x000001f1ea9d8ec0 Thread added: 0x000001f1cded05c0
Event: 24.391 Thread 0x000001f1ea9d8ec0 Thread added: 0x000001f1cdecff30
Event: 24.391 Thread 0x000001f1ea9d8ec0 Thread added: 0x000001f1cdecd140
Event: 24.391 Thread 0x000001f1ea9d8ec0 Thread added: 0x000001f1cded0c50
Event: 24.391 Thread 0x000001f1ea9d8ec0 Thread added: 0x000001f1cded3a40
Event: 24.391 Thread 0x000001f1ea9d8ec0 Thread added: 0x000001f1cded12e0
Event: 24.435 Thread 0x000001f1ea9d8ec0 Thread added: 0x000001f1cded33b0
Event: 24.496 Thread 0x000001f1c5c971a0 Thread added: 0x000001f1cded2690


Dynamic libraries:
0x00007ff6198b0000 - 0x00007ff6198be000 	c:\Users\MyBook Hype AMD\.antigravity\extensions\redhat.java-1.54.0-win32-x64\jre\21.0.10-win32-x86_64\bin\java.exe
0x00007ffd7dea0000 - 0x00007ffd7e107000 	C:\WINDOWS\SYSTEM32\ntdll.dll
0x00007ffd7d100000 - 0x00007ffd7d1c9000 	C:\WINDOWS\System32\KERNEL32.DLL
0x00007ffd7b6d0000 - 0x00007ffd7bac7000 	C:\WINDOWS\System32\KERNELBASE.dll
0x00007ffd7bad0000 - 0x00007ffd7bc1b000 	C:\WINDOWS\System32\ucrtbase.dll
0x00007ffce9370000 - 0x00007ffce938e000 	c:\Users\MyBook Hype AMD\.antigravity\extensions\redhat.java-1.54.0-win32-x64\jre\21.0.10-win32-x86_64\bin\VCRUNTIME140.dll
0x00007ffce71e0000 - 0x00007ffce71f8000 	c:\Users\MyBook Hype AMD\.antigravity\extensions\redhat.java-1.54.0-win32-x64\jre\21.0.10-win32-x86_64\bin\jli.dll
0x00007ffd7c130000 - 0x00007ffd7c2f6000 	C:\WINDOWS\System32\USER32.dll
0x00007ffd66cd0000 - 0x00007ffd66f62000 	C:\WINDOWS\WinSxS\amd64_microsoft.windows.common-controls_6595b64144ccf1df_6.0.26100.8457_none_3e0b2faee331e92d\COMCTL32.dll
0x00007ffd7aa20000 - 0x00007ffd7aa47000 	C:\WINDOWS\System32\win32u.dll
0x00007ffd7c330000 - 0x00007ffd7c3d9000 	C:\WINDOWS\System32\msvcrt.dll
0x00007ffd7d0d0000 - 0x00007ffd7d0fb000 	C:\WINDOWS\System32\GDI32.dll
0x00007ffd7b4f0000 - 0x00007ffd7b61c000 	C:\WINDOWS\System32\gdi32full.dll
0x00007ffd7b620000 - 0x00007ffd7b6c3000 	C:\WINDOWS\System32\msvcp_win.dll
0x00007ffd7c030000 - 0x00007ffd7c062000 	C:\WINDOWS\System32\IMM32.DLL
0x00007ffd40fb0000 - 0x00007ffd40fbc000 	c:\Users\MyBook Hype AMD\.antigravity\extensions\redhat.java-1.54.0-win32-x64\jre\21.0.10-win32-x86_64\bin\vcruntime140_1.dll
0x00007ffce5de0000 - 0x00007ffce5e6d000 	c:\Users\MyBook Hype AMD\.antigravity\extensions\redhat.java-1.54.0-win32-x64\jre\21.0.10-win32-x86_64\bin\msvcp140.dll
0x00007ffcbc050000 - 0x00007ffcbcdf1000 	c:\Users\MyBook Hype AMD\.antigravity\extensions\redhat.java-1.54.0-win32-x64\jre\21.0.10-win32-x86_64\bin\server\jvm.dll
0x00007ffd7c870000 - 0x00007ffd7c926000 	C:\WINDOWS\System32\ADVAPI32.dll
0x00007ffd7cc00000 - 0x00007ffd7cca7000 	C:\WINDOWS\System32\sechost.dll
0x00007ffd7d1d0000 - 0x00007ffd7d2e8000 	C:\WINDOWS\System32\RPCRT4.dll
0x00007ffd7cfd0000 - 0x00007ffd7d050000 	C:\WINDOWS\System32\WS2_32.dll
0x00007ffd7a730000 - 0x00007ffd7a78e000 	C:\WINDOWS\SYSTEM32\POWRPROF.dll
0x00007ffd72410000 - 0x00007ffd72446000 	C:\WINDOWS\SYSTEM32\WINMM.dll
0x00007ffd72450000 - 0x00007ffd7245b000 	C:\WINDOWS\SYSTEM32\VERSION.dll
0x00007ffd7a710000 - 0x00007ffd7a724000 	C:\WINDOWS\SYSTEM32\UMPDC.dll
0x00007ffd79620000 - 0x00007ffd7963b000 	C:\WINDOWS\SYSTEM32\kernel.appcore.dll
0x00007ffd1f300000 - 0x00007ffd1f30a000 	c:\Users\MyBook Hype AMD\.antigravity\extensions\redhat.java-1.54.0-win32-x64\jre\21.0.10-win32-x86_64\bin\jimage.dll
0x00007ffd78900000 - 0x00007ffd78b42000 	C:\WINDOWS\SYSTEM32\DBGHELP.DLL
0x00007ffd7d2f0000 - 0x00007ffd7d673000 	C:\WINDOWS\System32\combase.dll
0x00007ffd7cb20000 - 0x00007ffd7cbf9000 	C:\WINDOWS\System32\OLEAUT32.dll
0x00007ffd64710000 - 0x00007ffd6474b000 	C:\WINDOWS\SYSTEM32\dbgcore.DLL
0x00007ffd7b2c0000 - 0x00007ffd7b368000 	C:\WINDOWS\System32\bcryptPrimitives.dll
0x00007ffd1ee60000 - 0x00007ffd1ee6f000 	c:\Users\MyBook Hype AMD\.antigravity\extensions\redhat.java-1.54.0-win32-x64\jre\21.0.10-win32-x86_64\bin\instrument.dll
0x00007ffce5dc0000 - 0x00007ffce5de0000 	c:\Users\MyBook Hype AMD\.antigravity\extensions\redhat.java-1.54.0-win32-x64\jre\21.0.10-win32-x86_64\bin\java.dll
0x00007ffd7d690000 - 0x00007ffd7ddfe000 	C:\WINDOWS\System32\SHELL32.dll
0x00007ffd7aa50000 - 0x00007ffd7b2bc000 	C:\WINDOWS\System32\windows.storage.dll
0x00007ffd7c930000 - 0x00007ffd7ca26000 	C:\WINDOWS\System32\SHCORE.dll
0x00007ffd7d060000 - 0x00007ffd7d0c6000 	C:\WINDOWS\System32\shlwapi.dll
0x00007ffd7a7f0000 - 0x00007ffd7a819000 	C:\WINDOWS\SYSTEM32\profapi.dll
0x00007ffce47a0000 - 0x00007ffce47b8000 	c:\Users\MyBook Hype AMD\.antigravity\extensions\redhat.java-1.54.0-win32-x64\jre\21.0.10-win32-x86_64\bin\zip.dll
0x00007ffd1eb50000 - 0x00007ffd1eb60000 	C:\Users\MyBook Hype AMD\.antigravity\extensions\redhat.java-1.54.0-win32-x64\jre\21.0.10-win32-x86_64\bin\net.dll
0x00007ffd72be0000 - 0x00007ffd72d09000 	C:\WINDOWS\SYSTEM32\WINHTTP.dll
0x00007ffd79b70000 - 0x00007ffd79bdc000 	C:\WINDOWS\system32\mswsock.dll
0x00007ffce71c0000 - 0x00007ffce71d6000 	C:\Users\MyBook Hype AMD\.antigravity\extensions\redhat.java-1.54.0-win32-x64\jre\21.0.10-win32-x86_64\bin\nio.dll
0x00007ffd1de20000 - 0x00007ffd1de30000 	c:\Users\MyBook Hype AMD\.antigravity\extensions\redhat.java-1.54.0-win32-x64\jre\21.0.10-win32-x86_64\bin\verify.dll
0x00007ffcec7b0000 - 0x00007ffcec7f5000 	C:\Users\MyBook Hype AMD\AppData\Roaming\Antigravity\User\globalStorage\redhat.java\1.54.0\config_win\org.eclipse.equinox.launcher\org.eclipse.equinox.launcher.win32.win32.x86_64_1.3.0.v20260203-2149\eclipse_11919.dll
0x00007ffd7be00000 - 0x00007ffd7bf97000 	C:\WINDOWS\System32\ole32.dll
0x00007ffd40fd0000 - 0x00007ffd40fda000 	C:\Users\MyBook Hype AMD\.antigravity\extensions\redhat.java-1.54.0-win32-x64\jre\21.0.10-win32-x86_64\bin\management.dll
0x00007ffd40fc0000 - 0x00007ffd40fcc000 	C:\Users\MyBook Hype AMD\.antigravity\extensions\redhat.java-1.54.0-win32-x64\jre\21.0.10-win32-x86_64\bin\management_ext.dll
0x00007ffd7c020000 - 0x00007ffd7c028000 	C:\WINDOWS\System32\PSAPI.DLL
0x00007ffd79f70000 - 0x00007ffd79f8b000 	C:\WINDOWS\SYSTEM32\CRYPTSP.dll
0x00007ffd79580000 - 0x00007ffd795b9000 	C:\WINDOWS\system32\rsaenh.dll
0x00007ffd79c20000 - 0x00007ffd79c53000 	C:\WINDOWS\SYSTEM32\USERENV.dll
0x00007ffd7a7c0000 - 0x00007ffd7a7ea000 	C:\WINDOWS\SYSTEM32\bcrypt.dll
0x00007ffd79dd0000 - 0x00007ffd79ddc000 	C:\WINDOWS\SYSTEM32\CRYPTBASE.dll
0x00007ffd79010000 - 0x00007ffd79042000 	C:\WINDOWS\SYSTEM32\IPHLPAPI.DLL
0x00007ffd7cfc0000 - 0x00007ffd7cfca000 	C:\WINDOWS\System32\NSI.dll
0x00007ffcece70000 - 0x00007ffceceb9000 	C:\Users\MyBook Hype AMD\AppData\Local\Temp\jna--873495991\jna11359424701678196954.dll
0x00007ffd72800000 - 0x00007ffd7281d000 	C:\WINDOWS\SYSTEM32\dhcpcsvc6.DLL
0x00007ffd727d0000 - 0x00007ffd727f5000 	C:\WINDOWS\SYSTEM32\dhcpcsvc.DLL
0x00007ffd1dd60000 - 0x00007ffd1dd6e000 	C:\Users\MyBook Hype AMD\.antigravity\extensions\redhat.java-1.54.0-win32-x64\jre\21.0.10-win32-x86_64\bin\sunmscapi.dll
0x00007ffd7b370000 - 0x00007ffd7b4e8000 	C:\WINDOWS\System32\CRYPT32.dll
0x00007ffd7a0d0000 - 0x00007ffd7a100000 	C:\WINDOWS\SYSTEM32\ncrypt.dll
0x00007ffd7a080000 - 0x00007ffd7a0bf000 	C:\WINDOWS\SYSTEM32\NTASN1.dll

JVMTI agents:
c:\Users\MyBook Hype AMD\.antigravity\extensions\redhat.java-1.54.0-win32-x64\lombok\lombok-1.18.39-4050.jar path:c:\Users\MyBook Hype AMD\.antigravity\extensions\redhat.java-1.54.0-win32-x64\jre\21.0.10-win32-x86_64\bin\instrument.dll, loaded, initialized, instrumentlib options:none

dbghelp: loaded successfully - version: 4.0.5 - missing functions: none
symbol engine: initialized successfully - sym options: 0x614 - pdb path: .;c:\Users\MyBook Hype AMD\.antigravity\extensions\redhat.java-1.54.0-win32-x64\jre\21.0.10-win32-x86_64\bin;C:\WINDOWS\SYSTEM32;C:\WINDOWS\WinSxS\amd64_microsoft.windows.common-controls_6595b64144ccf1df_6.0.26100.8457_none_3e0b2faee331e92d;c:\Users\MyBook Hype AMD\.antigravity\extensions\redhat.java-1.54.0-win32-x64\jre\21.0.10-win32-x86_64\bin\server;C:\Users\MyBook Hype AMD\AppData\Roaming\Antigravity\User\globalStorage\redhat.java\1.54.0\config_win\org.eclipse.equinox.launcher\org.eclipse.equinox.launcher.win32.win32.x86_64_1.3.0.v20260203-2149;C:\Users\MyBook Hype AMD\AppData\Local\Temp\jna--873495991

VM Arguments:
jvm_args: --add-modules=ALL-SYSTEM --add-opens=java.base/java.util=ALL-UNNAMED --add-opens=java.base/java.lang=ALL-UNNAMED --add-opens=java.base/sun.nio.fs=ALL-UNNAMED -Declipse.application=org.eclipse.jdt.ls.core.id1 -Dosgi.bundles.defaultStartLevel=4 -Declipse.product=org.eclipse.jdt.ls.core.product -Djava.import.generatesMetadataFilesAtProjectRoot=false -DDetectVMInstallationsJob.disabled=true -Dfile.encoding=utf8 -XX:+UseParallelGC -XX:GCTimeRatio=4 -XX:AdaptiveSizePolicyWeight=90 -Dsun.zip.disableMemoryMapping=true -Xmx2G -Xms100m -Xlog:disable -javaagent:c:\Users\MyBook Hype AMD\.antigravity\extensions\redhat.java-1.54.0-win32-x64\lombok\lombok-1.18.39-4050.jar -XX:+HeapDumpOnOutOfMemoryError -XX:HeapDumpPath=c:\Users\MyBook Hype AMD\AppData\Roaming\Antigravity\User\workspaceStorage\94c1fbf504c75793ac8a85c334097e1d\redhat.java -Daether.dependencyCollector.impl=bf 
java_command: c:\Users\MyBook Hype AMD\.antigravity\extensions\redhat.java-1.54.0-win32-x64\server\plugins\org.eclipse.equinox.launcher_1.7.100.v20251111-0406.jar -configuration c:\Users\MyBook Hype AMD\AppData\Roaming\Antigravity\User\globalStorage\redhat.java\1.54.0\config_win -data c:\Users\MyBook Hype AMD\AppData\Roaming\Antigravity\User\workspaceStorage\94c1fbf504c75793ac8a85c334097e1d\redhat.java\jdt_ws --pipe=\\.\pipe\lsp-d2d26659388becf72996357a2e19fe2c-sock
java_class_path (initial): c:\Users\MyBook Hype AMD\.antigravity\extensions\redhat.java-1.54.0-win32-x64\server\plugins\org.eclipse.equinox.launcher_1.7.100.v20251111-0406.jar
Launcher Type: SUN_STANDARD

[Global flags]
    uintx AdaptiveSizePolicyWeight                 = 90                                        {product} {command line}
     intx CICompilerCount                          = 12                                        {product} {ergonomic}
    uintx GCTimeRatio                              = 4                                         {product} {command line}
     bool HeapDumpOnOutOfMemoryError               = true                                   {manageable} {command line}
    ccstr HeapDumpPath                             = c:\Users\MyBook Hype AMD\AppData\Roaming\Antigravity\User\workspaceStorage\94c1fbf504c75793ac8a85c334097e1d\redhat.java         {manageable} {command line}
   size_t InitialHeapSize                          = 104857600                                 {product} {command line}
   size_t MaxHeapSize                              = 2147483648                                {product} {command line}
   size_t MaxNewSize                               = 715653120                                 {product} {ergonomic}
   size_t MinHeapDeltaBytes                        = 524288                                    {product} {ergonomic}
   size_t MinHeapSize                              = 104857600                                 {product} {command line}
   size_t NewSize                                  = 34603008                                  {product} {ergonomic}
    uintx NonNMethodCodeHeapSize                   = 7602480                                {pd product} {ergonomic}
    uintx NonProfiledCodeHeapSize                  = 122027880                              {pd product} {ergonomic}
   size_t OldSize                                  = 70254592                                  {product} {ergonomic}
    uintx ProfiledCodeHeapSize                     = 122027880                              {pd product} {ergonomic}
    uintx ReservedCodeCacheSize                    = 251658240                              {pd product} {ergonomic}
     bool SegmentedCodeCache                       = true                                      {product} {ergonomic}
   size_t SoftMaxHeapSize                          = 2147483648                             {manageable} {ergonomic}
     bool UseCompressedOops                        = true                           {product lp64_product} {ergonomic}
     bool UseLargePagesIndividualAllocation        = false                                  {pd product} {ergonomic}
     bool UseParallelGC                            = true                                      {product} {command line}

Logging:
Log output configuration:
 #0: stdout all=off uptime,level,tags foldmultilines=false
 #1: stderr all=off uptime,level,tags foldmultilines=false

Release file:
JAVA_VERSION="21.0.10" 
MODULES="java.base java.compiler java.datatransfer java.xml java.prefs java.desktop java.instrument java.logging java.management java.security.sasl java.naming java.rmi java.management.rmi java.net.http java.scripting java.security.jgss java.transaction.xa java.sql java.sql.rowset java.xml.crypto java.se java.smartcardio jdk.accessibility jdk.internal.jvmstat jdk.attach jdk.charsets jdk.internal.opt jdk.zipfs jdk.compiler jdk.crypto.ec jdk.crypto.cryptoki jdk.crypto.mscapi jdk.dynalink jdk.internal.ed jdk.editpad jdk.hotspot.agent jdk.httpserver jdk.internal.le jdk.internal.vm.ci jdk.internal.vm.compiler jdk.internal.vm.compiler.management jdk.jartool jdk.javadoc jdk.jcmd jdk.management jdk.management.agent jdk.jconsole jdk.jdeps jdk.jdwp.agent jdk.jdi jdk.jfr jdk.jshell jdk.jsobject jdk.jstatd jdk.localedata jdk.management.jfr jdk.naming.dns jdk.naming.rmi jdk.net jdk.nio.mapmode jdk.random jdk.sctp jdk.security.auth jdk.security.jgss jdk.unsupported jdk.unsupported.desktop jdk.xml.dom" 

Environment Variables:
JAVA_HOME=C:\Program Files\Eclipse Adoptium\jdk-17.0.18.8-hotspot\
PATH=C:\Program Files\Common Files\Oracle\Java\javapath;C:\Program Files\Eclipse Adoptium\jdk-17.0.18.8-hotspot\bin;C:\Program Files\Microsoft MPI\Bin\;C:\Program Files (x86)\Common Files\Oracle\Java\java8path;C:\Program Files (x86)\Common Files\Oracle\Java\javapath;C:\Program Files\ImageMagick-7.1.2-Q16-HDRI;C:\Program Files (x86)\VMware\VMware Workstation\bin\;C:\WINDOWS\system32;C:\WINDOWS;C:\WINDOWS\System32\Wbem;C:\WINDOWS\System32\WindowsPowerShell\v1.0\;C:\WINDOWS\System32\OpenSSH\;C:\Program Files\dotnet\;C:\tmp\Bin;C:\tmp\Projects\Bpl;C:\tmp\Rave5;C:\ProgramData\ComposerSetup\bin;C:\Program Files\PuTTY\;C:\FPC\3.2.2\bin\i386-Win32;C:\Program Files\nodejs\;C:\Program Files\cursor\resources\app\bin;C:\ffmpeg\bin;C:\Program Files\GitHub CLI\;C:\Program Files\Microsoft SQL Server\170\Tools\Binn\;C:\Program Files\Git\cmd;C:\Program Files\Cloudflare\Cloudflare WARP\;C:\Program Files\Docker\Docker\resources\bin;C:\Program Files\Go\bin;C:\Users\MyBook Hype AMD\AppData\Local\hermes\hermes-agent\venv\Scripts;C:\Users\MyBook Hype AMD\.local\bin;C:\Users\MyBook Hype AMD\AppData\Local\enowxai;C:\Users\MyBook Hype AMD\Downloads\ulangan\pemweb\chrome-win64\chrome-win64;C:\Users\MyBook Hype AMD\AppData\Local\Programs\Windsurf\bin;C:\Users\MyBook Hype AMD\AppData\Local\Programs\Microsoft VS Code\bin;C:\Users\MyBook Hype AMD\.opencode\bin;C:\Users\MyBook Hype AMD\AppData\Local\Programs\Antigravity\bin;C:\apache-maven-3.9.15\bin;C:\Users\MyBook Hype AMD\AppData\Roaming\npm;C:\Users\MyBook Hype AMD\AppData\Local\Programs\Python\Python313;C:\Users\MyBook Hype AMD\AppData\Local\Programs\Python\Python313\Scripts;C:\xampp\php;C:\Users\MyBook Hype AMD\.bun\bin;C:\Users\MyBook Hype AMD\rtk;;C:\Users\MyBook Hype AMD\forex-orchestrator
USERNAME=MyBook Hype AMD
OS=Windows_NT
PROCESSOR_IDENTIFIER=AMD64 Family 25 Model 80 Stepping 0, AuthenticAMD
TMP=C:\Users\MYBOOK~1\AppData\Local\Temp
TEMP=C:\Users\MYBOOK~1\AppData\Local\Temp




Periodic native trim disabled

---------------  S Y S T E M  ---------------

OS:
 Windows 11 , 64 bit Build 26100 (10.0.26100.8328)
OS uptime: 0 days 22:30 hours
Hyper-V role detected

CPU: total 16 (initial active 16) (16 cores per cpu, 2 threads per core) family 25 model 80 stepping 0 microcode 0xa50000f, cx8, cmov, fxsr, ht, mmx, 3dnowpref, sse, sse2, sse3, ssse3, sse4a, sse4.1, sse4.2, popcnt, lzcnt, tsc, tscinvbit, avx, avx2, aes, erms, clmul, bmi1, bmi2, adx, sha, fma, vzeroupper, clflush, clflushopt, hv, rdtscp, rdpid, fsrm, f16c, cet_ss
Processor Information for the first 16 processors :
  Max Mhz: 2000, Current Mhz: 2000, Mhz Limit: 2000

Memory: 4k page, system-wide physical 15772M (799M free)
TotalPageFile size 31942M (AvailPageFile size 252M)
current process WorkingSet (physical memory assigned to process): 204M, peak: 207M
current process commit charge ("private bytes"): 339M, peak: 342M

vm_info: OpenJDK 64-Bit Server VM (21.0.10+7-LTS) for windows-amd64 JRE (21.0.10+7-LTS), built on 2026-01-20T00:00:00Z by "admin" with MS VC++ 17.12 (VS2022)

END.
