#
# There is insufficient memory for the Java Runtime Environment to continue.
# Native memory allocation (malloc) failed to allocate 1661984 bytes. Error detail: Chunk::new
# Possible reasons:
#   The system is out of physical RAM or swap space
#   This process is running with CompressedOops enabled, and the Java Heap may be blocking the growth of the native heap
# Possible solutions:
#   Reduce memory load on the system
#   Increase physical memory or swap space
#   Check if swap backing store is full
#   Decrease Java heap size (-Xmx/-Xms)
#   Decrease number of Java threads
#   Decrease Java thread stack sizes (-Xss)
#   Set larger code cache with -XX:ReservedCodeCacheSize=
#   JVM is running with Unscaled Compressed Oops mode in which the Java heap is
#     placed in the first 4GB address space. The Java Heap base address is the
#     maximum limit for the native heap growth. Please use -XX:HeapBaseMinAddress
#     to set the Java Heap base and to place the Java Heap above 4GB virtual address.
# This output file may be truncated or incomplete.
#
#  Out of Memory Error (arena.cpp:168), pid=33448, tid=22664
#
# JRE version: OpenJDK Runtime Environment Temurin-21.0.10+7 (21.0.10+7) (build 21.0.10+7-LTS)
# Java VM: OpenJDK 64-Bit Server VM Temurin-21.0.10+7 (21.0.10+7-LTS, mixed mode, sharing, tiered, compressed oops, compressed class ptrs, parallel gc, windows-amd64)
# No core dump will be written. Minidumps are not enabled by default on client versions of Windows
#

---------------  S U M M A R Y ------------

Command Line: --add-modules=ALL-SYSTEM --add-opens=java.base/java.util=ALL-UNNAMED --add-opens=java.base/java.lang=ALL-UNNAMED --add-opens=java.base/sun.nio.fs=ALL-UNNAMED -Declipse.application=org.eclipse.jdt.ls.core.id1 -Dosgi.bundles.defaultStartLevel=4 -Declipse.product=org.eclipse.jdt.ls.core.product -Djava.import.generatesMetadataFilesAtProjectRoot=false -DDetectVMInstallationsJob.disabled=true -Dfile.encoding=utf8 -XX:+UseParallelGC -XX:GCTimeRatio=4 -XX:AdaptiveSizePolicyWeight=90 -Dsun.zip.disableMemoryMapping=true -Xmx2G -Xms100m -Xlog:disable -javaagent:c:\Users\MyBook Hype AMD\.antigravity\extensions\redhat.java-1.54.0-win32-x64\lombok\lombok-1.18.39-4050.jar c:\Users\MyBook Hype AMD\.antigravity\extensions\redhat.java-1.54.0-win32-x64\server\plugins\org.eclipse.equinox.launcher_1.7.100.v20251111-0406.jar -configuration c:\Users\MyBook Hype AMD\AppData\Roaming\Antigravity\User\globalStorage\redhat.java\1.54.0\config_ss_win -data c:\Users\MyBook Hype AMD\AppData\Roaming\Antigravity\User\workspaceStorage\94c1fbf504c75793ac8a85c334097e1d\redhat.java\ss_ws --pipe=\\.\pipe\lsp-5b7a0b6483e658a799e7139ef5447ad4-sock

Host: AMD Ryzen 7 5825U with Radeon Graphics         , 16 cores, 15G,  Windows 11 , 64 bit Build 26100 (10.0.26100.8328)
Time: Sat May 30 11:55:55 2026 SE Asia Standard Time elapsed time: 12.961640 seconds (0d 0h 0m 12s)

---------------  T H R E A D  ---------------

Current thread (0x000001bd6cbf6f80):  JavaThread "C2 CompilerThread0" daemon [_thread_in_native, id=22664, stack(0x00000020f9000000,0x00000020f9100000) (1024K)]


Current CompileTask:
C2:12961 2779       4       org.lombokweb.asm.ClassReader::readMethod (1070 bytes)

Stack: [0x00000020f9000000,0x00000020f9100000]
Native frames: (J=compiled Java code, j=interpreted, Vv=VM code, C=native code)
V  [jvm.dll+0x6d7a39]
V  [jvm.dll+0x8b4b26]
V  [jvm.dll+0x8b70de]
V  [jvm.dll+0x8b77c3]
V  [jvm.dll+0x284346]
V  [jvm.dll+0xc66ed]
V  [jvm.dll+0xc6c31]
V  [jvm.dll+0x3bec3b]
V  [jvm.dll+0x1e3d62]
V  [jvm.dll+0x24c6b3]
V  [jvm.dll+0x24bb40]
V  [jvm.dll+0x1cb34e]
V  [jvm.dll+0x25b85d]
V  [jvm.dll+0x259dea]
V  [jvm.dll+0x3f857e]
V  [jvm.dll+0x85f59d]
V  [jvm.dll+0x6d626d]
C  [ucrtbase.dll+0x37b0]
C  [KERNEL32.DLL+0x2e957]
C  [ntdll.dll+0x427c]


---------------  P R O C E S S  ---------------

Threads class SMR info:
_java_thread_list=0x000001bd6cef4700, length=24, elements={
0x000001bd54e61a20, 0x000001bd54f053b0, 0x000001bd54f06710, 0x000001bd54f08cc0,
0x000001bd54f09720, 0x000001bd54f0cd70, 0x000001bd54f127a0, 0x000001bd6cbf6f80,
0x000001bd6cbfabb0, 0x000001bd6ce2d730, 0x000001bd6ce2a940, 0x000001bd6ce2a2b0,
0x000001bd6ce2afd0, 0x000001bd6ce2d0a0, 0x000001bd731dafc0, 0x000001bd6ce2bcf0,
0x000001bd6ce2c380, 0x000001bd6e84f8e0, 0x000001bd6ce2ca10, 0x000001bd73280970,
0x000001bd73bd1910, 0x000001bd73bd1210, 0x000001bd73fc7200, 0x000001bd7359e8e0
}

Java Threads: ( => current thread )
  0x000001bd54e61a20 JavaThread "main"                              [_thread_blocked, id=32852, stack(0x00000020f8600000,0x00000020f8700000) (1024K)]
  0x000001bd54f053b0 JavaThread "Reference Handler"          daemon [_thread_blocked, id=19084, stack(0x00000020f8a00000,0x00000020f8b00000) (1024K)]
  0x000001bd54f06710 JavaThread "Finalizer"                  daemon [_thread_blocked, id=13920, stack(0x00000020f8b00000,0x00000020f8c00000) (1024K)]
  0x000001bd54f08cc0 JavaThread "Signal Dispatcher"          daemon [_thread_blocked, id=33460, stack(0x00000020f8c00000,0x00000020f8d00000) (1024K)]
  0x000001bd54f09720 JavaThread "Attach Listener"            daemon [_thread_blocked, id=30264, stack(0x00000020f8d00000,0x00000020f8e00000) (1024K)]
  0x000001bd54f0cd70 JavaThread "Service Thread"             daemon [_thread_blocked, id=17228, stack(0x00000020f8e00000,0x00000020f8f00000) (1024K)]
  0x000001bd54f127a0 JavaThread "Monitor Deflation Thread"   daemon [_thread_blocked, id=27972, stack(0x00000020f8f00000,0x00000020f9000000) (1024K)]
=>0x000001bd6cbf6f80 JavaThread "C2 CompilerThread0"         daemon [_thread_in_native, id=22664, stack(0x00000020f9000000,0x00000020f9100000) (1024K)]
  0x000001bd6cbfabb0 JavaThread "C1 CompilerThread0"         daemon [_thread_blocked, id=17596, stack(0x00000020f9100000,0x00000020f9200000) (1024K)]
  0x000001bd6ce2d730 JavaThread "Common-Cleaner"             daemon [_thread_blocked, id=4992, stack(0x00000020f9400000,0x00000020f9500000) (1024K)]
  0x000001bd6ce2a940 JavaThread "Notification Thread"        daemon [_thread_blocked, id=33004, stack(0x00000020f9600000,0x00000020f9700000) (1024K)]
  0x000001bd6ce2a2b0 JavaThread "Active Thread: Equinox Container: d05d9f5d-eff6-4be5-8dde-ceb1d2925b97"        [_thread_blocked, id=21660, stack(0x00000020f9f00000,0x00000020fa000000) (1024K)]
  0x000001bd6ce2afd0 JavaThread "Framework Event Dispatcher: Equinox Container: d05d9f5d-eff6-4be5-8dde-ceb1d2925b97" daemon [_thread_blocked, id=17156, stack(0x00000020f9200000,0x00000020f9300000) (1024K)]
  0x000001bd6ce2d0a0 JavaThread "Start Level: Equinox Container: d05d9f5d-eff6-4be5-8dde-ceb1d2925b97" daemon [_thread_in_Java, id=23132, stack(0x00000020f9300000,0x00000020f9400000) (1024K)]
  0x000001bd731dafc0 JavaThread "C1 CompilerThread1"         daemon [_thread_in_vm, id=23948, stack(0x00000020f9700000,0x00000020f9800000) (1024K)]
  0x000001bd6ce2bcf0 JavaThread "SCR Component Actor"        daemon [_thread_blocked, id=34544, stack(0x00000020f9800000,0x00000020f9900000) (1024K)]
  0x000001bd6ce2c380 JavaThread "Worker-JM"                         [_thread_blocked, id=34728, stack(0x00000020fa100000,0x00000020fa200000) (1024K)]
  0x000001bd6e84f8e0 JavaThread "C2 CompilerThread1"         daemon [_thread_in_native, id=34740, stack(0x00000020fa000000,0x00000020fa100000) (1024K)]
  0x000001bd6ce2ca10 JavaThread "Worker-0"                          [_thread_blocked, id=34744, stack(0x00000020fa400000,0x00000020fa500000) (1024K)]
  0x000001bd73280970 JavaThread "Worker-1"                          [_thread_blocked, id=34748, stack(0x00000020fa500000,0x00000020fa600000) (1024K)]
  0x000001bd73bd1910 JavaThread "C2 CompilerThread2"         daemon [_thread_blocked, id=34788, stack(0x00000020fa900000,0x00000020faa00000) (1024K)]
  0x000001bd73bd1210 JavaThread "C1 CompilerThread2"         daemon [_thread_blocked, id=34796, stack(0x00000020faa00000,0x00000020fab00000) (1024K)]
  0x000001bd73fc7200 JavaThread "C1 CompilerThread3"         daemon [_thread_blocked, id=34800, stack(0x00000020fab00000,0x00000020fac00000) (1024K)]
  0x000001bd7359e8e0 JavaThread "C2 CompilerThread3"         daemon [_thread_in_native, id=34860, stack(0x00000020fad00000,0x00000020fae00000) (1024K)]
Total: 24

Other Threads:
  0x000001bd54df1dd0 VMThread "VM Thread"                           [id=25132, stack(0x00000020f8900000,0x00000020f8a00000) (1024K)]
  0x000001bd54ceca00 WatcherThread "VM Periodic Task Thread"        [id=25092, stack(0x00000020f8800000,0x00000020f8900000) (1024K)]
  0x000001bd54e7f490 WorkerThread "GC Thread#0"                     [id=32232, stack(0x00000020f8700000,0x00000020f8800000) (1024K)]
  0x000001bd732c2010 WorkerThread "GC Thread#1"                     [id=16880, stack(0x00000020f9900000,0x00000020f9a00000) (1024K)]
  0x000001bd730fdcd0 WorkerThread "GC Thread#2"                     [id=33040, stack(0x00000020f9a00000,0x00000020f9b00000) (1024K)]
  0x000001bd6ec98ba0 WorkerThread "GC Thread#3"                     [id=7500, stack(0x00000020f9b00000,0x00000020f9c00000) (1024K)]
  0x000001bd6ec98f50 WorkerThread "GC Thread#4"                     [id=17372, stack(0x00000020f9c00000,0x00000020f9d00000) (1024K)]
  0x000001bd6ec99300 WorkerThread "GC Thread#5"                     [id=12088, stack(0x00000020f9d00000,0x00000020f9e00000) (1024K)]
  0x000001bd6ec996b0 WorkerThread "GC Thread#6"                     [id=17804, stack(0x00000020f9e00000,0x00000020f9f00000) (1024K)]
  0x000001bd6cec4c70 WorkerThread "GC Thread#7"                     [id=27080, stack(0x00000020f9500000,0x00000020f9600000) (1024K)]
  0x000001bd73186610 WorkerThread "GC Thread#8"                     [id=34732, stack(0x00000020fa200000,0x00000020fa300000) (1024K)]
  0x000001bd7330b970 WorkerThread "GC Thread#9"                     [id=34736, stack(0x00000020fa300000,0x00000020fa400000) (1024K)]
  0x000001bd6e735ae0 WorkerThread "GC Thread#10"                    [id=34756, stack(0x00000020fa600000,0x00000020fa700000) (1024K)]
  0x000001bd731fee20 WorkerThread "GC Thread#11"                    [id=34760, stack(0x00000020fa700000,0x00000020fa800000) (1024K)]
  0x000001bd731ff1d0 WorkerThread "GC Thread#12"                    [id=34764, stack(0x00000020fa800000,0x00000020fa900000) (1024K)]
Total: 15

Threads with active compile tasks:
C2 CompilerThread0  13007 2779       4       org.lombokweb.asm.ClassReader::readMethod (1070 bytes)
C2 CompilerThread1  13007 3053 %     4       sun.security.provider.SHA::implCompress0 @ 27 (478 bytes)
C2 CompilerThread3  13007 3024       4       java.lang.invoke.MethodType::makeImpl (109 bytes)
Total: 3

VM state: not at safepoint (normal execution)

VM Mutex/Monitor currently owned by a thread: None

Heap address: 0x0000000080000000, size: 2048 MB, Compressed Oops mode: 32-bit

CDS archive(s) mapped at: [0x000001bd00000000-0x000001bd00ba0000-0x000001bd00ba0000), size 12189696, SharedBaseAddress: 0x000001bd00000000, ArchiveRelocationMode: 1.
Compressed class space mapped at: 0x000001bd01000000-0x000001bd41000000, reserved size: 1073741824
Narrow klass base: 0x000001bd00000000, Narrow klass shift: 0, Narrow klass range: 0x100000000

GC Precious Log:
 CardTable entry size: 512
 CPUs: 16 total, 16 available
 Memory: 15772M
 Large Page Support: Disabled
 NUMA Support: Disabled
 Compressed Oops: Enabled (32-bit)
 Alignments: Space 512K, Generation 512K, Heap 2M
 Heap Min Capacity: 100M
 Heap Initial Capacity: 100M
 Heap Max Capacity: 2G
 Pre-touch: Disabled
 Parallel Workers: 13

Heap:
 PSYoungGen      total 31744K, used 12365K [0x00000000d5580000, 0x00000000d7b00000, 0x0000000100000000)
  eden space 25088K, 49% used [0x00000000d5580000,0x00000000d6193780,0x00000000d6e00000)
  from space 6656K, 0% used [0x00000000d7480000,0x00000000d7480000,0x00000000d7b00000)
  to   space 6656K, 0% used [0x00000000d6e00000,0x00000000d6e00000,0x00000000d7480000)
 ParOldGen       total 68608K, used 10028K [0x0000000080000000, 0x0000000084300000, 0x00000000d5580000)
  object space 68608K, 14% used [0x0000000080000000,0x00000000809cb1b8,0x0000000084300000)
 Metaspace       used 21935K, committed 22592K, reserved 1114112K
  class space    used 2102K, committed 2368K, reserved 1048576K

Card table byte_map: [0x000001bd54800000,0x000001bd54c10000] _byte_map_base: 0x000001bd54400000

Marking Bits: (ParMarkBitMap*) 0x00007ffcbcd13450
 Begin Bits: [0x000001bd67310000, 0x000001bd69310000)
 End Bits:   [0x000001bd69310000, 0x000001bd6b310000)

Polling page: 0x000001bd52c20000

Metaspace:

Usage:
  Non-class:     19.37 MB used.
      Class:      2.05 MB used.
       Both:     21.42 MB used.

Virtual space:
  Non-class space:       64.00 MB reserved,      19.75 MB ( 31%) committed,  1 nodes.
      Class space:        1.00 GB reserved,       2.31 MB ( <1%) committed,  1 nodes.
             Both:        1.06 GB reserved,      22.06 MB (  2%) committed. 

Chunk freelists:
   Non-Class:  12.12 MB
       Class:  13.54 MB
        Both:  25.66 MB

MaxMetaspaceSize: unlimited
CompressedClassSpaceSize: 1.00 GB
Initial GC threshold: 21.00 MB
Current GC threshold: 35.00 MB
CDS: on
 - commit_granule_bytes: 65536.
 - commit_granule_words: 8192.
 - virtual_space_node_default_size: 8388608.
 - enlarge_chunks_in_place: 1.
 - use_allocation_guard: 0.


Internal statistics:

num_allocs_failed_limit: 3.
num_arena_births: 470.
num_arena_deaths: 14.
num_vsnodes_births: 2.
num_vsnodes_deaths: 0.
num_space_committed: 353.
num_space_uncommitted: 0.
num_chunks_returned_to_freelist: 17.
num_chunks_taken_from_freelist: 1285.
num_chunk_merges: 9.
num_chunk_splits: 826.
num_chunks_enlarged: 541.
num_inconsistent_stats: 0.

CodeHeap 'non-profiled nmethods': size=119168Kb used=1286Kb max_used=1286Kb free=117881Kb
 bounds [0x000001bd5fc00000, 0x000001bd5fe70000, 0x000001bd67060000]
CodeHeap 'profiled nmethods': size=119104Kb used=6177Kb max_used=6177Kb free=112926Kb
 bounds [0x000001bd58060000, 0x000001bd58670000, 0x000001bd5f4b0000]
CodeHeap 'non-nmethods': size=7488Kb used=2997Kb max_used=3033Kb free=4490Kb
 bounds [0x000001bd5f4b0000, 0x000001bd5f820000, 0x000001bd5fc00000]
CodeCache: size=245760Kb, used=10460Kb, max_used=10496Kb, free=235297Kb
 total_blobs=3654, nmethods=3062, adapters=495, full_count=0
Compilation: enabled, stopped_count=0, restarted_count=0

Compilation events (20 events):
Event: 12.900 Thread 0x000001bd73bd1910 nmethod 2920 0x000001bd5fd3ac10 code [0x000001bd5fd3adc0, 0x000001bd5fd3af58]
Event: 12.901 Thread 0x000001bd73bd1910 3029       4       java.util.HashSet::contains (9 bytes)
Event: 12.903 Thread 0x000001bd731dafc0 3030       3       java.lang.String::<init> (98 bytes)
Event: 12.904 Thread 0x000001bd731dafc0 nmethod 3030 0x000001bd58651e90 code [0x000001bd58652280, 0x000001bd58653cd0]
Event: 12.912 Thread 0x000001bd73bd1910 nmethod 3029 0x000001bd5fd3b110 code [0x000001bd5fd3b320, 0x000001bd5fd3b9a0]
Event: 12.951 Thread 0x000001bd731dafc0 3032       1       java.lang.reflect.Constructor::getSharedParameterTypes (5 bytes)
Event: 12.951 Thread 0x000001bd731dafc0 nmethod 3032 0x000001bd5fd3c210 code [0x000001bd5fd3c3a0, 0x000001bd5fd3c468]
Event: 12.952 Thread 0x000001bd73fc7200 3033       3       java.lang.Integer::rotateLeft (9 bytes)
Event: 12.952 Thread 0x000001bd73fc7200 nmethod 3033 0x000001bd58654590 code [0x000001bd58654720, 0x000001bd58654820]
Event: 12.952 Thread 0x000001bd73bd1910 3034       4       java.lang.Integer::rotateLeft (9 bytes)
Event: 12.953 Thread 0x000001bd73bd1910 nmethod 3034 0x000001bd5fd3c510 code [0x000001bd5fd3c680, 0x000001bd5fd3c6f0]
Event: 12.954 Thread 0x000001bd73bd1210 3035       3       sun.security.provider.SHA::implCompress0 (478 bytes)
Event: 12.954 Thread 0x000001bd73bd1210 nmethod 3035 0x000001bd58654890 code [0x000001bd58654b00, 0x000001bd586557e8]
Event: 12.955 Thread 0x000001bd73bd1910 3036       4       jdk.internal.util.Preconditions::checkFromIndexSize (25 bytes)
Event: 12.955 Thread 0x000001bd73bd1210 3037       3       sun.security.provider.SHA::implCompress (13 bytes)
Event: 12.955 Thread 0x000001bd6cbfabb0 3038       3       sun.security.provider.SHA::implCompressCheck (18 bytes)
Event: 12.955 Thread 0x000001bd6cbfabb0 nmethod 3038 0x000001bd58655e90 code [0x000001bd58656060, 0x000001bd586563f0]
Event: 12.955 Thread 0x000001bd73bd1210 nmethod 3037 0x000001bd58656590 code [0x000001bd58656780, 0x000001bd58656bb8]
Event: 12.956 Thread 0x000001bd73bd1910 nmethod 3036 0x000001bd5fd3c810 code [0x000001bd5fd3c9a0, 0x000001bd5fd3ca70]
Event: 12.958 Thread 0x000001bd6e84f8e0 nmethod 3008 0x000001bd5fd3cb10 code [0x000001bd5fd3cf40, 0x000001bd5fd3f200]

GC Heap History (14 events):
Event: 1.485 GC heap before
{Heap before GC invocations=1 (full 0):
 PSYoungGen      total 29696K, used 25600K [0x00000000d5580000, 0x00000000d7680000, 0x0000000100000000)
  eden space 25600K, 100% used [0x00000000d5580000,0x00000000d6e80000,0x00000000d6e80000)
  from space 4096K, 0% used [0x00000000d7280000,0x00000000d7280000,0x00000000d7680000)
  to   space 4096K, 0% used [0x00000000d6e80000,0x00000000d6e80000,0x00000000d7280000)
 ParOldGen       total 68608K, used 0K [0x0000000080000000, 0x0000000084300000, 0x00000000d5580000)
  object space 68608K, 0% used [0x0000000080000000,0x0000000080000000,0x0000000084300000)
 Metaspace       used 4189K, committed 4480K, reserved 1114112K
  class space    used 454K, committed 576K, reserved 1048576K
}
Event: 1.498 GC heap after
{Heap after GC invocations=1 (full 0):
 PSYoungGen      total 29696K, used 3636K [0x00000000d5580000, 0x00000000d7680000, 0x0000000100000000)
  eden space 25600K, 0% used [0x00000000d5580000,0x00000000d5580000,0x00000000d6e80000)
  from space 4096K, 88% used [0x00000000d6e80000,0x00000000d720d2a0,0x00000000d7280000)
  to   space 4096K, 0% used [0x00000000d7280000,0x00000000d7280000,0x00000000d7680000)
 ParOldGen       total 68608K, used 16K [0x0000000080000000, 0x0000000084300000, 0x00000000d5580000)
  object space 68608K, 0% used [0x0000000080000000,0x0000000080004000,0x0000000084300000)
 Metaspace       used 4189K, committed 4480K, reserved 1114112K
  class space    used 454K, committed 576K, reserved 1048576K
}
Event: 3.748 GC heap before
{Heap before GC invocations=2 (full 0):
 PSYoungGen      total 29696K, used 29236K [0x00000000d5580000, 0x00000000d7680000, 0x0000000100000000)
  eden space 25600K, 100% used [0x00000000d5580000,0x00000000d6e80000,0x00000000d6e80000)
  from space 4096K, 88% used [0x00000000d6e80000,0x00000000d720d2a0,0x00000000d7280000)
  to   space 4096K, 0% used [0x00000000d7280000,0x00000000d7280000,0x00000000d7680000)
 ParOldGen       total 68608K, used 16K [0x0000000080000000, 0x0000000084300000, 0x00000000d5580000)
  object space 68608K, 0% used [0x0000000080000000,0x0000000080004000,0x0000000084300000)
 Metaspace       used 8008K, committed 8256K, reserved 1114112K
  class space    used 830K, committed 960K, reserved 1048576K
}
Event: 3.753 GC heap after
{Heap after GC invocations=2 (full 0):
 PSYoungGen      total 29696K, used 4070K [0x00000000d5580000, 0x00000000d7680000, 0x0000000100000000)
  eden space 25600K, 0% used [0x00000000d5580000,0x00000000d5580000,0x00000000d6e80000)
  from space 4096K, 99% used [0x00000000d7280000,0x00000000d7679800,0x00000000d7680000)
  to   space 4096K, 0% used [0x00000000d6e80000,0x00000000d6e80000,0x00000000d7280000)
 ParOldGen       total 68608K, used 1087K [0x0000000080000000, 0x0000000084300000, 0x00000000d5580000)
  object space 68608K, 1% used [0x0000000080000000,0x000000008010fe50,0x0000000084300000)
 Metaspace       used 8008K, committed 8256K, reserved 1114112K
  class space    used 830K, committed 960K, reserved 1048576K
}
Event: 11.834 GC heap before
{Heap before GC invocations=3 (full 0):
 PSYoungGen      total 29696K, used 29670K [0x00000000d5580000, 0x00000000d7680000, 0x0000000100000000)
  eden space 25600K, 100% used [0x00000000d5580000,0x00000000d6e80000,0x00000000d6e80000)
  from space 4096K, 99% used [0x00000000d7280000,0x00000000d7679800,0x00000000d7680000)
  to   space 4096K, 0% used [0x00000000d6e80000,0x00000000d6e80000,0x00000000d7280000)
 ParOldGen       total 68608K, used 1087K [0x0000000080000000, 0x0000000084300000, 0x00000000d5580000)
  object space 68608K, 1% used [0x0000000080000000,0x000000008010fe50,0x0000000084300000)
 Metaspace       used 12703K, committed 13248K, reserved 1114112K
  class space    used 1342K, committed 1600K, reserved 1048576K
}
Event: 11.838 GC heap after
{Heap after GC invocations=3 (full 0):
 PSYoungGen      total 29696K, used 4082K [0x00000000d5580000, 0x00000000d7680000, 0x0000000100000000)
  eden space 25600K, 0% used [0x00000000d5580000,0x00000000d5580000,0x00000000d6e80000)
  from space 4096K, 99% used [0x00000000d6e80000,0x00000000d727c880,0x00000000d7280000)
  to   space 4096K, 0% used [0x00000000d7280000,0x00000000d7280000,0x00000000d7680000)
 ParOldGen       total 68608K, used 2585K [0x0000000080000000, 0x0000000084300000, 0x00000000d5580000)
  object space 68608K, 3% used [0x0000000080000000,0x0000000080286690,0x0000000084300000)
 Metaspace       used 12703K, committed 13248K, reserved 1114112K
  class space    used 1342K, committed 1600K, reserved 1048576K
}
Event: 12.307 GC heap before
{Heap before GC invocations=4 (full 0):
 PSYoungGen      total 29696K, used 29682K [0x00000000d5580000, 0x00000000d7680000, 0x0000000100000000)
  eden space 25600K, 100% used [0x00000000d5580000,0x00000000d6e80000,0x00000000d6e80000)
  from space 4096K, 99% used [0x00000000d6e80000,0x00000000d727c880,0x00000000d7280000)
  to   space 4096K, 0% used [0x00000000d7280000,0x00000000d7280000,0x00000000d7680000)
 ParOldGen       total 68608K, used 2585K [0x0000000080000000, 0x0000000084300000, 0x00000000d5580000)
  object space 68608K, 3% used [0x0000000080000000,0x0000000080286690,0x0000000084300000)
 Metaspace       used 16320K, committed 16960K, reserved 1114112K
  class space    used 1689K, committed 1984K, reserved 1048576K
}
Event: 12.311 GC heap after
{Heap after GC invocations=4 (full 0):
 PSYoungGen      total 29696K, used 4086K [0x00000000d5580000, 0x00000000d7680000, 0x0000000100000000)
  eden space 25600K, 0% used [0x00000000d5580000,0x00000000d5580000,0x00000000d6e80000)
  from space 4096K, 99% used [0x00000000d7280000,0x00000000d767dbc0,0x00000000d7680000)
  to   space 4096K, 0% used [0x00000000d6e80000,0x00000000d6e80000,0x00000000d7280000)
 ParOldGen       total 68608K, used 5753K [0x0000000080000000, 0x0000000084300000, 0x00000000d5580000)
  object space 68608K, 8% used [0x0000000080000000,0x000000008059e788,0x0000000084300000)
 Metaspace       used 16320K, committed 16960K, reserved 1114112K
  class space    used 1689K, committed 1984K, reserved 1048576K
}
Event: 12.534 GC heap before
{Heap before GC invocations=5 (full 0):
 PSYoungGen      total 29696K, used 29686K [0x00000000d5580000, 0x00000000d7680000, 0x0000000100000000)
  eden space 25600K, 100% used [0x00000000d5580000,0x00000000d6e80000,0x00000000d6e80000)
  from space 4096K, 99% used [0x00000000d7280000,0x00000000d767dbc0,0x00000000d7680000)
  to   space 4096K, 0% used [0x00000000d6e80000,0x00000000d6e80000,0x00000000d7280000)
 ParOldGen       total 68608K, used 5753K [0x0000000080000000, 0x0000000084300000, 0x00000000d5580000)
  object space 68608K, 8% used [0x0000000080000000,0x000000008059e788,0x0000000084300000)
 Metaspace       used 19645K, committed 20288K, reserved 1114112K
  class space    used 1937K, committed 2240K, reserved 1048576K
}
Event: 12.537 GC heap after
{Heap after GC invocations=5 (full 0):
 PSYoungGen      total 29184K, used 4089K [0x00000000d5580000, 0x00000000d7b00000, 0x0000000100000000)
  eden space 25088K, 0% used [0x00000000d5580000,0x00000000d5580000,0x00000000d6e00000)
  from space 4096K, 99% used [0x00000000d6e80000,0x00000000d727e730,0x00000000d7280000)
  to   space 6656K, 0% used [0x00000000d7480000,0x00000000d7480000,0x00000000d7b00000)
 ParOldGen       total 68608K, used 7866K [0x0000000080000000, 0x0000000084300000, 0x00000000d5580000)
  object space 68608K, 11% used [0x0000000080000000,0x00000000807aeab8,0x0000000084300000)
 Metaspace       used 19645K, committed 20288K, reserved 1114112K
  class space    used 1937K, committed 2240K, reserved 1048576K
}
Event: 12.647 GC heap before
{Heap before GC invocations=6 (full 0):
 PSYoungGen      total 29184K, used 20323K [0x00000000d5580000, 0x00000000d7b00000, 0x0000000100000000)
  eden space 25088K, 64% used [0x00000000d5580000,0x00000000d655a750,0x00000000d6e00000)
  from space 4096K, 99% used [0x00000000d6e80000,0x00000000d727e730,0x00000000d7280000)
  to   space 6656K, 0% used [0x00000000d7480000,0x00000000d7480000,0x00000000d7b00000)
 ParOldGen       total 68608K, used 7866K [0x0000000080000000, 0x0000000084300000, 0x00000000d5580000)
  object space 68608K, 11% used [0x0000000080000000,0x00000000807aeab8,0x0000000084300000)
 Metaspace       used 20840K, committed 21504K, reserved 1114112K
  class space    used 2007K, committed 2304K, reserved 1048576K
}
Event: 12.650 GC heap after
{Heap after GC invocations=6 (full 0):
 PSYoungGen      total 31744K, used 6077K [0x00000000d5580000, 0x00000000d7b00000, 0x0000000100000000)
  eden space 25088K, 0% used [0x00000000d5580000,0x00000000d5580000,0x00000000d6e00000)
  from space 6656K, 91% used [0x00000000d7480000,0x00000000d7a6f6b8,0x00000000d7b00000)
  to   space 6656K, 0% used [0x00000000d6e00000,0x00000000d6e00000,0x00000000d7480000)
 ParOldGen       total 68608K, used 7874K [0x0000000080000000, 0x0000000084300000, 0x00000000d5580000)
  object space 68608K, 11% used [0x0000000080000000,0x00000000807b0ab8,0x0000000084300000)
 Metaspace       used 20840K, committed 21504K, reserved 1114112K
  class space    used 2007K, committed 2304K, reserved 1048576K
}
Event: 12.650 GC heap before
{Heap before GC invocations=7 (full 1):
 PSYoungGen      total 31744K, used 6077K [0x00000000d5580000, 0x00000000d7b00000, 0x0000000100000000)
  eden space 25088K, 0% used [0x00000000d5580000,0x00000000d5580000,0x00000000d6e00000)
  from space 6656K, 91% used [0x00000000d7480000,0x00000000d7a6f6b8,0x00000000d7b00000)
  to   space 6656K, 0% used [0x00000000d6e00000,0x00000000d6e00000,0x00000000d7480000)
 ParOldGen       total 68608K, used 7874K [0x0000000080000000, 0x0000000084300000, 0x00000000d5580000)
  object space 68608K, 11% used [0x0000000080000000,0x00000000807b0ab8,0x0000000084300000)
 Metaspace       used 20840K, committed 21504K, reserved 1114112K
  class space    used 2007K, committed 2304K, reserved 1048576K
}
Event: 12.677 GC heap after
{Heap after GC invocations=7 (full 1):
 PSYoungGen      total 31744K, used 0K [0x00000000d5580000, 0x00000000d7b00000, 0x0000000100000000)
  eden space 25088K, 0% used [0x00000000d5580000,0x00000000d5580000,0x00000000d6e00000)
  from space 6656K, 0% used [0x00000000d7480000,0x00000000d7480000,0x00000000d7b00000)
  to   space 6656K, 0% used [0x00000000d6e00000,0x00000000d6e00000,0x00000000d7480000)
 ParOldGen       total 68608K, used 10028K [0x0000000080000000, 0x0000000084300000, 0x00000000d5580000)
  object space 68608K, 14% used [0x0000000080000000,0x00000000809cb1b8,0x0000000084300000)
 Metaspace       used 20828K, committed 21504K, reserved 1114112K
  class space    used 2004K, committed 2304K, reserved 1048576K
}

Dll operation events (11 events):
Event: 0.231 Loaded shared library c:\Users\MyBook Hype AMD\.antigravity\extensions\redhat.java-1.54.0-win32-x64\jre\21.0.10-win32-x86_64\bin\java.dll
Event: 0.415 Loaded shared library c:\Users\MyBook Hype AMD\.antigravity\extensions\redhat.java-1.54.0-win32-x64\jre\21.0.10-win32-x86_64\bin\zip.dll
Event: 0.442 Loaded shared library C:\Users\MyBook Hype AMD\.antigravity\extensions\redhat.java-1.54.0-win32-x64\jre\21.0.10-win32-x86_64\bin\instrument.dll
Event: 0.492 Loaded shared library C:\Users\MyBook Hype AMD\.antigravity\extensions\redhat.java-1.54.0-win32-x64\jre\21.0.10-win32-x86_64\bin\net.dll
Event: 0.531 Loaded shared library C:\Users\MyBook Hype AMD\.antigravity\extensions\redhat.java-1.54.0-win32-x64\jre\21.0.10-win32-x86_64\bin\nio.dll
Event: 0.534 Loaded shared library C:\Users\MyBook Hype AMD\.antigravity\extensions\redhat.java-1.54.0-win32-x64\jre\21.0.10-win32-x86_64\bin\zip.dll
Event: 0.553 Loaded shared library C:\Users\MyBook Hype AMD\.antigravity\extensions\redhat.java-1.54.0-win32-x64\jre\21.0.10-win32-x86_64\bin\jimage.dll
Event: 0.658 Loaded shared library c:\Users\MyBook Hype AMD\.antigravity\extensions\redhat.java-1.54.0-win32-x64\jre\21.0.10-win32-x86_64\bin\verify.dll
Event: 10.735 Loaded shared library C:\Users\MyBook Hype AMD\AppData\Roaming\Antigravity\User\globalStorage\redhat.java\1.54.0\config_ss_win\org.eclipse.equinox.launcher\org.eclipse.equinox.launcher.win32.win32.x86_64_1.3.0.v20260203-2149\eclipse_11919.dll
Event: 11.996 Loaded shared library C:\Users\MyBook Hype AMD\.antigravity\extensions\redhat.java-1.54.0-win32-x64\jre\21.0.10-win32-x86_64\bin\management.dll
Event: 12.035 Loaded shared library C:\Users\MyBook Hype AMD\.antigravity\extensions\redhat.java-1.54.0-win32-x64\jre\21.0.10-win32-x86_64\bin\management_ext.dll

Deoptimization events (20 events):
Event: 12.855 Thread 0x000001bd6ce2d0a0 Uncommon trap: trap_request=0xffffff45 fr.pc=0x000001bd5fc2c464 relative=0x0000000000000404
Event: 12.855 Thread 0x000001bd6ce2d0a0 Uncommon trap: reason=unstable_if action=reinterpret pc=0x000001bd5fc2c464 method=java.lang.AbstractStringBuilder.isLatin1()Z @ 10 c2
Event: 12.855 Thread 0x000001bd6ce2d0a0 DEOPT PACKING pc=0x000001bd5fc2c464 sp=0x00000020f93fe830
Event: 12.855 Thread 0x000001bd6ce2d0a0 DEOPT UNPACKING pc=0x000001bd5f503aa2 sp=0x00000020f93fe7c0 mode 2
Event: 12.861 Thread 0x000001bd6ce2d0a0 Uncommon trap: trap_request=0xffffffc6 fr.pc=0x000001bd5fcb28d0 relative=0x0000000000000a10
Event: 12.861 Thread 0x000001bd6ce2d0a0 Uncommon trap: reason=bimorphic_or_optimized_type_check action=maybe_recompile pc=0x000001bd5fcb28d0 method=java.util.HashMap.putVal(ILjava/lang/Object;Ljava/lang/Object;ZZ)Ljava/lang/Object; @ 56 c2
Event: 12.861 Thread 0x000001bd6ce2d0a0 DEOPT PACKING pc=0x000001bd5fcb28d0 sp=0x00000020f93fe020
Event: 12.861 Thread 0x000001bd6ce2d0a0 DEOPT UNPACKING pc=0x000001bd5f503aa2 sp=0x00000020f93fdf20 mode 2
Event: 12.861 Thread 0x000001bd6ce2d0a0 Uncommon trap: trap_request=0xffffffc6 fr.pc=0x000001bd5fcb28d0 relative=0x0000000000000a10
Event: 12.861 Thread 0x000001bd6ce2d0a0 Uncommon trap: reason=bimorphic_or_optimized_type_check action=maybe_recompile pc=0x000001bd5fcb28d0 method=java.util.HashMap.putVal(ILjava/lang/Object;Ljava/lang/Object;ZZ)Ljava/lang/Object; @ 56 c2
Event: 12.861 Thread 0x000001bd6ce2d0a0 DEOPT PACKING pc=0x000001bd5fcb28d0 sp=0x00000020f93fe020
Event: 12.861 Thread 0x000001bd6ce2d0a0 DEOPT UNPACKING pc=0x000001bd5f503aa2 sp=0x00000020f93fdf20 mode 2
Event: 12.861 Thread 0x000001bd6ce2d0a0 Uncommon trap: trap_request=0xffffffc6 fr.pc=0x000001bd5fcb28d0 relative=0x0000000000000a10
Event: 12.861 Thread 0x000001bd6ce2d0a0 Uncommon trap: reason=bimorphic_or_optimized_type_check action=maybe_recompile pc=0x000001bd5fcb28d0 method=java.util.HashMap.putVal(ILjava/lang/Object;Ljava/lang/Object;ZZ)Ljava/lang/Object; @ 56 c2
Event: 12.861 Thread 0x000001bd6ce2d0a0 DEOPT PACKING pc=0x000001bd5fcb28d0 sp=0x00000020f93fe020
Event: 12.861 Thread 0x000001bd6ce2d0a0 DEOPT UNPACKING pc=0x000001bd5f503aa2 sp=0x00000020f93fdf20 mode 2
Event: 12.861 Thread 0x000001bd6ce2d0a0 Uncommon trap: trap_request=0xffffffc6 fr.pc=0x000001bd5fcb28d0 relative=0x0000000000000a10
Event: 12.861 Thread 0x000001bd6ce2d0a0 Uncommon trap: reason=bimorphic_or_optimized_type_check action=maybe_recompile pc=0x000001bd5fcb28d0 method=java.util.HashMap.putVal(ILjava/lang/Object;Ljava/lang/Object;ZZ)Ljava/lang/Object; @ 56 c2
Event: 12.861 Thread 0x000001bd6ce2d0a0 DEOPT PACKING pc=0x000001bd5fcb28d0 sp=0x00000020f93fe020
Event: 12.861 Thread 0x000001bd6ce2d0a0 DEOPT UNPACKING pc=0x000001bd5f503aa2 sp=0x00000020f93fdf20 mode 2

Classes loaded (20 events):
Event: 12.918 Loading class sun/security/provider/HashDrbg
Event: 12.919 Loading class sun/security/provider/AbstractHashDrbg
Event: 12.919 Loading class sun/security/provider/AbstractDrbg
Event: 12.920 Loading class sun/security/provider/AbstractDrbg done
Event: 12.920 Loading class sun/security/provider/AbstractHashDrbg done
Event: 12.920 Loading class sun/security/provider/HashDrbg done
Event: 12.920 Loading class sun/security/provider/EntropySource
Event: 12.920 Loading class sun/security/provider/EntropySource done
Event: 12.922 Loading class java/security/DrbgParameters$NextBytes
Event: 12.922 Loading class java/security/DrbgParameters$NextBytes done
Event: 12.922 Loading class sun/security/provider/AbstractDrbg$SeederHolder
Event: 12.922 Loading class sun/security/provider/AbstractDrbg$SeederHolder done
Event: 12.922 Loading class sun/security/provider/SeedGenerator
Event: 12.923 Loading class sun/security/provider/SeedGenerator done
Event: 12.923 Loading class sun/security/provider/NativeSeedGenerator
Event: 12.923 Loading class sun/security/provider/NativeSeedGenerator done
Event: 12.950 Loading class sun/security/provider/SHA
Event: 12.950 Loading class sun/security/provider/SHA done
Event: 12.951 Loading class sun/security/provider/SeedGenerator$1
Event: 12.951 Loading class sun/security/provider/SeedGenerator$1 done

Classes unloaded (7 events):
Event: 12.655 Thread 0x000001bd54df1dd0 Unloading class 0x000001bd01191400 'java/lang/invoke/LambdaForm$MH+0x000001bd01191400'
Event: 12.655 Thread 0x000001bd54df1dd0 Unloading class 0x000001bd01191000 'java/lang/invoke/LambdaForm$MH+0x000001bd01191000'
Event: 12.655 Thread 0x000001bd54df1dd0 Unloading class 0x000001bd01190c00 'java/lang/invoke/LambdaForm$MH+0x000001bd01190c00'
Event: 12.655 Thread 0x000001bd54df1dd0 Unloading class 0x000001bd01190800 'java/lang/invoke/LambdaForm$MH+0x000001bd01190800'
Event: 12.655 Thread 0x000001bd54df1dd0 Unloading class 0x000001bd01190400 'java/lang/invoke/LambdaForm$BMH+0x000001bd01190400'
Event: 12.655 Thread 0x000001bd54df1dd0 Unloading class 0x000001bd01190000 'java/lang/invoke/LambdaForm$DMH+0x000001bd01190000'
Event: 12.655 Thread 0x000001bd54df1dd0 Unloading class 0x000001bd0118ec00 'java/lang/invoke/LambdaForm$DMH+0x000001bd0118ec00'

Classes redefined (0 events):
No events

Internal exceptions (20 events):
Event: 12.163 Thread 0x000001bd6ce2ca10 Exception <a 'java/lang/NoSuchMethodError'{0x00000000d61044a0}: 'java.lang.Object java.lang.invoke.DirectMethodHandle$Holder.newInvokeSpecial(java.lang.Object, java.lang.Object, int, java.lang.Object)'> (0x00000000d61044a0) 
thrown [s\src\hotspot\share\interpreter\linkResolver.cpp, line 773]
Event: 12.163 Thread 0x000001bd6ce2ca10 Exception <a 'java/lang/NoSuchMethodError'{0x00000000d6107d80}: 'java.lang.Object java.lang.invoke.DirectMethodHandle$Holder.invokeSpecial(java.lang.Object, java.lang.Object, java.lang.Object, int, java.lang.Object)'> (0x00000000d6107d80) 
thrown [s\src\hotspot\share\interpreter\linkResolver.cpp, line 773]
Event: 12.181 Thread 0x000001bd6ce2d0a0 Exception <a 'java/lang/NoSuchMethodError'{0x00000000d6338aa0}: 'void java.lang.invoke.DirectMethodHandle$Holder.invokeSpecial(java.lang.Object, java.lang.Object, java.lang.Object, java.lang.Object, java.lang.Object)'> (0x00000000d6338aa0) 
thrown [s\src\hotspot\share\interpreter\linkResolver.cpp, line 773]
Event: 12.223 Thread 0x000001bd6ce2d0a0 Exception <a 'java/lang/NoSuchMethodError'{0x00000000d65e1d80}: 'double java.lang.invoke.DirectMethodHandle$Holder.invokeStatic(java.lang.Object, java.lang.Object)'> (0x00000000d65e1d80) 
thrown [s\src\hotspot\share\interpreter\linkResolver.cpp, line 773]
Event: 12.223 Thread 0x000001bd6ce2d0a0 Exception <a 'java/lang/NoSuchMethodError'{0x00000000d65e5440}: 'double java.lang.invoke.DirectMethodHandle$Holder.invokeStaticInit(java.lang.Object, java.lang.Object)'> (0x00000000d65e5440) 
thrown [s\src\hotspot\share\interpreter\linkResolver.cpp, line 773]
Event: 12.337 Thread 0x000001bd6ce2d0a0 Exception <a 'java/io/FileNotFoundException'{0x00000000d5cca028}> (0x00000000d5cca028) 
thrown [s\src\hotspot\share\prims\jni.cpp, line 520]
Event: 12.337 Thread 0x000001bd6ce2d0a0 Exception <a 'java/io/FileNotFoundException'{0x00000000d5ccaec8}> (0x00000000d5ccaec8) 
thrown [s\src\hotspot\share\prims\jni.cpp, line 520]
Event: 12.337 Thread 0x000001bd6ce2d0a0 Exception <a 'java/io/FileNotFoundException'{0x00000000d5ccbe70}> (0x00000000d5ccbe70) 
thrown [s\src\hotspot\share\prims\jni.cpp, line 520]
Event: 12.454 Thread 0x000001bd6ce2d0a0 Exception <a 'java/lang/NoSuchMethodError'{0x00000000d6635a38}: 'int java.lang.invoke.DirectMethodHandle$Holder.invokeStaticInit(java.lang.Object, java.lang.Object, java.lang.Object)'> (0x00000000d6635a38) 
thrown [s\src\hotspot\share\interpreter\linkResolver.cpp, line 773]
Event: 12.501 Thread 0x000001bd6ce2d0a0 Implicit null exception at 0x000001bd5fd10d75 to 0x000001bd5fd10e50
Event: 12.585 Thread 0x000001bd6ce2d0a0 Exception <a 'java/io/FileNotFoundException'{0x00000000d5917840}> (0x00000000d5917840) 
thrown [s\src\hotspot\share\prims\jni.cpp, line 520]
Event: 12.586 Thread 0x000001bd6ce2d0a0 Exception <a 'java/lang/NoSuchMethodError'{0x00000000d591f0f8}: 'java.lang.Object java.lang.invoke.DirectMethodHandle$Holder.newInvokeSpecial(java.lang.Object, int, java.lang.Object, java.lang.Object)'> (0x00000000d591f0f8) 
thrown [s\src\hotspot\share\interpreter\linkResolver.cpp, line 773]
Event: 12.626 Thread 0x000001bd6ce2d0a0 Exception <a 'java/io/FileNotFoundException'{0x00000000d64a1c48}> (0x00000000d64a1c48) 
thrown [s\src\hotspot\share\prims\jni.cpp, line 520]
Event: 12.627 Thread 0x000001bd6ce2d0a0 Exception <a 'java/io/FileNotFoundException'{0x00000000d64a2cc0}> (0x00000000d64a2cc0) 
thrown [s\src\hotspot\share\prims\jni.cpp, line 520]
Event: 12.629 Thread 0x000001bd6ce2d0a0 Exception <a 'java/io/FileNotFoundException'{0x00000000d64b0da0}> (0x00000000d64b0da0) 
thrown [s\src\hotspot\share\prims\jni.cpp, line 520]
Event: 12.816 Thread 0x000001bd6ce2d0a0 Exception <a 'java/io/FileNotFoundException'{0x00000000d5c67a20}> (0x00000000d5c67a20) 
thrown [s\src\hotspot\share\prims\jni.cpp, line 520]
Event: 12.872 Thread 0x000001bd6ce2d0a0 Exception <a 'sun/nio/fs/WindowsException'{0x00000000d5ec4740}> (0x00000000d5ec4740) 
thrown [s\src\hotspot\share\prims\jni.cpp, line 520]
Event: 12.872 Thread 0x000001bd6ce2d0a0 Exception <a 'sun/nio/fs/WindowsException'{0x00000000d5ec8468}> (0x00000000d5ec8468) 
thrown [s\src\hotspot\share\prims\jni.cpp, line 520]
Event: 12.892 Thread 0x000001bd6ce2d0a0 Exception <a 'sun/nio/fs/WindowsException'{0x00000000d5f82658}> (0x00000000d5f82658) 
thrown [s\src\hotspot\share\prims\jni.cpp, line 520]
Event: 12.921 Thread 0x000001bd6ce2d0a0 Exception <a 'java/lang/NoSuchMethodError'{0x00000000d607b230}: 'java.lang.Object java.lang.invoke.DirectMethodHandle$Holder.invokeStaticInit(java.lang.Object, int, int, int, int)'> (0x00000000d607b230) 
thrown [s\src\hotspot\share\interpreter\linkResolver.cpp, line 773]

ZGC Phase Switch (0 events):
No events

VM Operations (20 events):
Event: 10.951 Executing non-safepoint VM operation: HandshakeAllThreads (Deoptimize)
Event: 10.952 Executing non-safepoint VM operation: HandshakeAllThreads (Deoptimize) done
Event: 11.746 Executing non-safepoint VM operation: HandshakeAllThreads (Deoptimize)
Event: 11.746 Executing non-safepoint VM operation: HandshakeAllThreads (Deoptimize) done
Event: 11.833 Executing safepoint VM operation: ParallelGCFailedAllocation (Allocation Failure)
Event: 11.838 Executing safepoint VM operation: ParallelGCFailedAllocation (Allocation Failure) done
Event: 12.065 Executing non-safepoint VM operation: HandshakeAllThreads (Deoptimize)
Event: 12.065 Executing non-safepoint VM operation: HandshakeAllThreads (Deoptimize) done
Event: 12.068 Executing non-safepoint VM operation: HandshakeAllThreads (Deoptimize)
Event: 12.069 Executing non-safepoint VM operation: HandshakeAllThreads (Deoptimize) done
Event: 12.081 Executing non-safepoint VM operation: HandshakeAllThreads (Deoptimize)
Event: 12.081 Executing non-safepoint VM operation: HandshakeAllThreads (Deoptimize) done
Event: 12.307 Executing safepoint VM operation: ParallelGCFailedAllocation (Allocation Failure)
Event: 12.311 Executing safepoint VM operation: ParallelGCFailedAllocation (Allocation Failure) done
Event: 12.534 Executing safepoint VM operation: ParallelGCFailedAllocation (Allocation Failure)
Event: 12.537 Executing safepoint VM operation: ParallelGCFailedAllocation (Allocation Failure) done
Event: 12.647 Executing safepoint VM operation: CollectForMetadataAllocation (Metadata GC Threshold)
Event: 12.677 Executing safepoint VM operation: CollectForMetadataAllocation (Metadata GC Threshold) done
Event: 12.860 Executing non-safepoint VM operation: HandshakeAllThreads (Deoptimize)
Event: 12.860 Executing non-safepoint VM operation: HandshakeAllThreads (Deoptimize) done

Memory protections (0 events):
No events

Nmethod flushes (0 events):
No events

Events (20 events):
Event: 7.047 Thread 0x000001bd6cecc430 Thread exited: 0x000001bd6cecc430
Event: 7.047 Thread 0x000001bd6ccb6300 Thread exited: 0x000001bd6ccb6300
Event: 10.257 Thread 0x000001bd54e61a20 Thread added: 0x000001bd6ce2afd0
Event: 10.262 Thread 0x000001bd54e61a20 Thread added: 0x000001bd6ce2d0a0
Event: 10.355 Thread 0x000001bd6cbfabb0 Thread added: 0x000001bd731dafc0
Event: 10.936 Thread 0x000001bd6ce2d0a0 Thread added: 0x000001bd6ce2bcf0
Event: 11.551 Thread 0x000001bd731dafc0 Thread added: 0x000001bd6e9874b0
Event: 11.551 Thread 0x000001bd731dafc0 Thread added: 0x000001bd6e8f3580
Event: 11.743 Thread 0x000001bd6e8f3580 Thread exited: 0x000001bd6e8f3580
Event: 11.786 Thread 0x000001bd6ce2d0a0 Thread added: 0x000001bd6ce2c380
Event: 12.036 Thread 0x000001bd6e9874b0 Thread exited: 0x000001bd6e9874b0
Event: 12.073 Thread 0x000001bd6cbfabb0 Thread added: 0x000001bd6e84f8e0
Event: 12.144 Thread 0x000001bd6ce2d0a0 Thread added: 0x000001bd6ce2ca10
Event: 12.163 Thread 0x000001bd6ce2d0a0 Thread added: 0x000001bd73280970
Event: 12.562 Thread 0x000001bd6cbfabb0 Thread added: 0x000001bd73bd1910
Event: 12.620 Thread 0x000001bd731dafc0 Thread added: 0x000001bd73bd1210
Event: 12.791 Thread 0x000001bd73bd1210 Thread added: 0x000001bd73fc7200
Event: 12.805 Thread 0x000001bd6ce2d0a0 Thread added: 0x000001bd7327fc50
Event: 12.870 Thread 0x000001bd6e84f8e0 Thread added: 0x000001bd7359e8e0
Event: 12.899 Thread 0x000001bd7327fc50 Thread exited: 0x000001bd7327fc50


Dynamic libraries:
0x00007ff6198b0000 - 0x00007ff6198be000 	c:\Users\MyBook Hype AMD\.antigravity\extensions\redhat.java-1.54.0-win32-x64\jre\21.0.10-win32-x86_64\bin\java.exe
0x00007ffd7dea0000 - 0x00007ffd7e107000 	C:\WINDOWS\SYSTEM32\ntdll.dll
0x00007ffd7d100000 - 0x00007ffd7d1c9000 	C:\WINDOWS\System32\KERNEL32.DLL
0x00007ffd7b6d0000 - 0x00007ffd7bac7000 	C:\WINDOWS\System32\KERNELBASE.dll
0x00007ffd7bad0000 - 0x00007ffd7bc1b000 	C:\WINDOWS\System32\ucrtbase.dll
0x00007ffce9370000 - 0x00007ffce938e000 	c:\Users\MyBook Hype AMD\.antigravity\extensions\redhat.java-1.54.0-win32-x64\jre\21.0.10-win32-x86_64\bin\VCRUNTIME140.dll
0x00007ffce71e0000 - 0x00007ffce71f8000 	c:\Users\MyBook Hype AMD\.antigravity\extensions\redhat.java-1.54.0-win32-x64\jre\21.0.10-win32-x86_64\bin\jli.dll
0x00007ffd7c130000 - 0x00007ffd7c2f6000 	C:\WINDOWS\System32\USER32.dll
0x00007ffd7aa20000 - 0x00007ffd7aa47000 	C:\WINDOWS\System32\win32u.dll
0x00007ffd66cd0000 - 0x00007ffd66f62000 	C:\WINDOWS\WinSxS\amd64_microsoft.windows.common-controls_6595b64144ccf1df_6.0.26100.8457_none_3e0b2faee331e92d\COMCTL32.dll
0x00007ffd7d0d0000 - 0x00007ffd7d0fb000 	C:\WINDOWS\System32\GDI32.dll
0x00007ffd7c330000 - 0x00007ffd7c3d9000 	C:\WINDOWS\System32\msvcrt.dll
0x00007ffd7b4f0000 - 0x00007ffd7b61c000 	C:\WINDOWS\System32\gdi32full.dll
0x00007ffd7b620000 - 0x00007ffd7b6c3000 	C:\WINDOWS\System32\msvcp_win.dll
0x00007ffd7c030000 - 0x00007ffd7c062000 	C:\WINDOWS\System32\IMM32.DLL
0x00007ffd40fb0000 - 0x00007ffd40fbc000 	c:\Users\MyBook Hype AMD\.antigravity\extensions\redhat.java-1.54.0-win32-x64\jre\21.0.10-win32-x86_64\bin\vcruntime140_1.dll
0x00007ffce5de0000 - 0x00007ffce5e6d000 	c:\Users\MyBook Hype AMD\.antigravity\extensions\redhat.java-1.54.0-win32-x64\jre\21.0.10-win32-x86_64\bin\msvcp140.dll
0x00007ffcbc050000 - 0x00007ffcbcdf1000 	c:\Users\MyBook Hype AMD\.antigravity\extensions\redhat.java-1.54.0-win32-x64\jre\21.0.10-win32-x86_64\bin\server\jvm.dll
0x00007ffd7c870000 - 0x00007ffd7c926000 	C:\WINDOWS\System32\ADVAPI32.dll
0x00007ffd7cc00000 - 0x00007ffd7cca7000 	C:\WINDOWS\System32\sechost.dll
0x00007ffd7d1d0000 - 0x00007ffd7d2e8000 	C:\WINDOWS\System32\RPCRT4.dll
0x00007ffd7cfd0000 - 0x00007ffd7d050000 	C:\WINDOWS\System32\WS2_32.dll
0x00007ffd7a730000 - 0x00007ffd7a78e000 	C:\WINDOWS\SYSTEM32\POWRPROF.dll
0x00007ffd72410000 - 0x00007ffd72446000 	C:\WINDOWS\SYSTEM32\WINMM.dll
0x00007ffd72450000 - 0x00007ffd7245b000 	C:\WINDOWS\SYSTEM32\VERSION.dll
0x00007ffd7a710000 - 0x00007ffd7a724000 	C:\WINDOWS\SYSTEM32\UMPDC.dll
0x00007ffd79620000 - 0x00007ffd7963b000 	C:\WINDOWS\SYSTEM32\kernel.appcore.dll
0x00007ffd1f300000 - 0x00007ffd1f30a000 	c:\Users\MyBook Hype AMD\.antigravity\extensions\redhat.java-1.54.0-win32-x64\jre\21.0.10-win32-x86_64\bin\jimage.dll
0x00007ffd78900000 - 0x00007ffd78b42000 	C:\WINDOWS\SYSTEM32\DBGHELP.DLL
0x00007ffd7d2f0000 - 0x00007ffd7d673000 	C:\WINDOWS\System32\combase.dll
0x00007ffd7cb20000 - 0x00007ffd7cbf9000 	C:\WINDOWS\System32\OLEAUT32.dll
0x00007ffd64710000 - 0x00007ffd6474b000 	C:\WINDOWS\SYSTEM32\dbgcore.DLL
0x00007ffd7b2c0000 - 0x00007ffd7b368000 	C:\WINDOWS\System32\bcryptPrimitives.dll
0x00007ffd1ee60000 - 0x00007ffd1ee6f000 	c:\Users\MyBook Hype AMD\.antigravity\extensions\redhat.java-1.54.0-win32-x64\jre\21.0.10-win32-x86_64\bin\instrument.dll
0x00007ffce5dc0000 - 0x00007ffce5de0000 	c:\Users\MyBook Hype AMD\.antigravity\extensions\redhat.java-1.54.0-win32-x64\jre\21.0.10-win32-x86_64\bin\java.dll
0x00007ffd7d690000 - 0x00007ffd7ddfe000 	C:\WINDOWS\System32\SHELL32.dll
0x00007ffd7aa50000 - 0x00007ffd7b2bc000 	C:\WINDOWS\System32\windows.storage.dll
0x00007ffd7c930000 - 0x00007ffd7ca26000 	C:\WINDOWS\System32\SHCORE.dll
0x00007ffd7d060000 - 0x00007ffd7d0c6000 	C:\WINDOWS\System32\shlwapi.dll
0x00007ffd7a7f0000 - 0x00007ffd7a819000 	C:\WINDOWS\SYSTEM32\profapi.dll
0x00007ffce47a0000 - 0x00007ffce47b8000 	c:\Users\MyBook Hype AMD\.antigravity\extensions\redhat.java-1.54.0-win32-x64\jre\21.0.10-win32-x86_64\bin\zip.dll
0x00007ffd1eb50000 - 0x00007ffd1eb60000 	C:\Users\MyBook Hype AMD\.antigravity\extensions\redhat.java-1.54.0-win32-x64\jre\21.0.10-win32-x86_64\bin\net.dll
0x00007ffd72be0000 - 0x00007ffd72d09000 	C:\WINDOWS\SYSTEM32\WINHTTP.dll
0x00007ffd79b70000 - 0x00007ffd79bdc000 	C:\WINDOWS\system32\mswsock.dll
0x00007ffce71c0000 - 0x00007ffce71d6000 	C:\Users\MyBook Hype AMD\.antigravity\extensions\redhat.java-1.54.0-win32-x64\jre\21.0.10-win32-x86_64\bin\nio.dll
0x00007ffd1de20000 - 0x00007ffd1de30000 	c:\Users\MyBook Hype AMD\.antigravity\extensions\redhat.java-1.54.0-win32-x64\jre\21.0.10-win32-x86_64\bin\verify.dll
0x00007ffce4890000 - 0x00007ffce48d5000 	C:\Users\MyBook Hype AMD\AppData\Roaming\Antigravity\User\globalStorage\redhat.java\1.54.0\config_ss_win\org.eclipse.equinox.launcher\org.eclipse.equinox.launcher.win32.win32.x86_64_1.3.0.v20260203-2149\eclipse_11919.dll
0x00007ffd7be00000 - 0x00007ffd7bf97000 	C:\WINDOWS\System32\ole32.dll
0x00007ffd1dd60000 - 0x00007ffd1dd6a000 	C:\Users\MyBook Hype AMD\.antigravity\extensions\redhat.java-1.54.0-win32-x64\jre\21.0.10-win32-x86_64\bin\management.dll
0x00007ffd1cea0000 - 0x00007ffd1ceac000 	C:\Users\MyBook Hype AMD\.antigravity\extensions\redhat.java-1.54.0-win32-x64\jre\21.0.10-win32-x86_64\bin\management_ext.dll
0x00007ffd7c020000 - 0x00007ffd7c028000 	C:\WINDOWS\System32\PSAPI.DLL
0x00007ffd79f70000 - 0x00007ffd79f8b000 	C:\WINDOWS\SYSTEM32\CRYPTSP.dll
0x00007ffd79580000 - 0x00007ffd795b9000 	C:\WINDOWS\system32\rsaenh.dll
0x00007ffd79c20000 - 0x00007ffd79c53000 	C:\WINDOWS\SYSTEM32\USERENV.dll
0x00007ffd7a7c0000 - 0x00007ffd7a7ea000 	C:\WINDOWS\SYSTEM32\bcrypt.dll
0x00007ffd79dd0000 - 0x00007ffd79ddc000 	C:\WINDOWS\SYSTEM32\CRYPTBASE.dll
0x00007ffd79010000 - 0x00007ffd79042000 	C:\WINDOWS\SYSTEM32\IPHLPAPI.DLL
0x00007ffd7cfc0000 - 0x00007ffd7cfca000 	C:\WINDOWS\System32\NSI.dll

JVMTI agents:
c:\Users\MyBook Hype AMD\.antigravity\extensions\redhat.java-1.54.0-win32-x64\lombok\lombok-1.18.39-4050.jar path:c:\Users\MyBook Hype AMD\.antigravity\extensions\redhat.java-1.54.0-win32-x64\jre\21.0.10-win32-x86_64\bin\instrument.dll, loaded, initialized, instrumentlib options:none

dbghelp: loaded successfully - version: 4.0.5 - missing functions: none
symbol engine: initialized successfully - sym options: 0x614 - pdb path: .;c:\Users\MyBook Hype AMD\.antigravity\extensions\redhat.java-1.54.0-win32-x64\jre\21.0.10-win32-x86_64\bin;C:\WINDOWS\SYSTEM32;C:\WINDOWS\WinSxS\amd64_microsoft.windows.common-controls_6595b64144ccf1df_6.0.26100.8457_none_3e0b2faee331e92d;c:\Users\MyBook Hype AMD\.antigravity\extensions\redhat.java-1.54.0-win32-x64\jre\21.0.10-win32-x86_64\bin\server;C:\Users\MyBook Hype AMD\AppData\Roaming\Antigravity\User\globalStorage\redhat.java\1.54.0\config_ss_win\org.eclipse.equinox.launcher\org.eclipse.equinox.launcher.win32.win32.x86_64_1.3.0.v20260203-2149

VM Arguments:
jvm_args: --add-modules=ALL-SYSTEM --add-opens=java.base/java.util=ALL-UNNAMED --add-opens=java.base/java.lang=ALL-UNNAMED --add-opens=java.base/sun.nio.fs=ALL-UNNAMED -Declipse.application=org.eclipse.jdt.ls.core.id1 -Dosgi.bundles.defaultStartLevel=4 -Declipse.product=org.eclipse.jdt.ls.core.product -Djava.import.generatesMetadataFilesAtProjectRoot=false -DDetectVMInstallationsJob.disabled=true -Dfile.encoding=utf8 -XX:+UseParallelGC -XX:GCTimeRatio=4 -XX:AdaptiveSizePolicyWeight=90 -Dsun.zip.disableMemoryMapping=true -Xmx2G -Xms100m -Xlog:disable -javaagent:c:\Users\MyBook Hype AMD\.antigravity\extensions\redhat.java-1.54.0-win32-x64\lombok\lombok-1.18.39-4050.jar 
java_command: c:\Users\MyBook Hype AMD\.antigravity\extensions\redhat.java-1.54.0-win32-x64\server\plugins\org.eclipse.equinox.launcher_1.7.100.v20251111-0406.jar -configuration c:\Users\MyBook Hype AMD\AppData\Roaming\Antigravity\User\globalStorage\redhat.java\1.54.0\config_ss_win -data c:\Users\MyBook Hype AMD\AppData\Roaming\Antigravity\User\workspaceStorage\94c1fbf504c75793ac8a85c334097e1d\redhat.java\ss_ws --pipe=\\.\pipe\lsp-5b7a0b6483e658a799e7139ef5447ad4-sock
java_class_path (initial): c:\Users\MyBook Hype AMD\.antigravity\extensions\redhat.java-1.54.0-win32-x64\server\plugins\org.eclipse.equinox.launcher_1.7.100.v20251111-0406.jar
Launcher Type: SUN_STANDARD

[Global flags]
    uintx AdaptiveSizePolicyWeight                 = 90                                        {product} {command line}
     intx CICompilerCount                          = 12                                        {product} {ergonomic}
    uintx GCTimeRatio                              = 4                                         {product} {command line}
   size_t InitialHeapSize                          = 104857600                                 {product} {command line}
   size_t MaxHeapSize                              = 2147483648                                {product} {command line}
   size_t MaxNewSize                               = 715653120                                 {product} {ergonomic}
   size_t MinHeapDeltaBytes                        = 524288                                    {product} {ergonomic}
   size_t MinHeapSize                              = 104857600                                 {product} {command line}
   size_t NewSize                                  = 34603008                                  {product} {ergonomic}
    uintx NonNMethodCodeHeapSize                   = 7602480                                {pd product} {ergonomic}
    uintx NonProfiledCodeHeapSize                  = 122027880                              {pd product} {ergonomic}
   size_t OldSize                                  = 70254592                                  {product} {ergonomic}
    uintx ProfiledCodeHeapSize                     = 122027880                              {pd product} {ergonomic}
    uintx ReservedCodeCacheSize                    = 251658240                              {pd product} {ergonomic}
     bool SegmentedCodeCache                       = true                                      {product} {ergonomic}
   size_t SoftMaxHeapSize                          = 2147483648                             {manageable} {ergonomic}
     bool UseCompressedOops                        = true                           {product lp64_product} {ergonomic}
     bool UseLargePagesIndividualAllocation        = false                                  {pd product} {ergonomic}
     bool UseParallelGC                            = true                                      {product} {command line}

Logging:
Log output configuration:
 #0: stdout all=off uptime,level,tags foldmultilines=false
 #1: stderr all=off uptime,level,tags foldmultilines=false

Release file:
JAVA_VERSION="21.0.10" 
MODULES="java.base java.compiler java.datatransfer java.xml java.prefs java.desktop java.instrument java.logging java.management java.security.sasl java.naming java.rmi java.management.rmi java.net.http java.scripting java.security.jgss java.transaction.xa java.sql java.sql.rowset java.xml.crypto java.se java.smartcardio jdk.accessibility jdk.internal.jvmstat jdk.attach jdk.charsets jdk.internal.opt jdk.zipfs jdk.compiler jdk.crypto.ec jdk.crypto.cryptoki jdk.crypto.mscapi jdk.dynalink jdk.internal.ed jdk.editpad jdk.hotspot.agent jdk.httpserver jdk.internal.le jdk.internal.vm.ci jdk.internal.vm.compiler jdk.internal.vm.compiler.management jdk.jartool jdk.javadoc jdk.jcmd jdk.management jdk.management.agent jdk.jconsole jdk.jdeps jdk.jdwp.agent jdk.jdi jdk.jfr jdk.jshell jdk.jsobject jdk.jstatd jdk.localedata jdk.management.jfr jdk.naming.dns jdk.naming.rmi jdk.net jdk.nio.mapmode jdk.random jdk.sctp jdk.security.auth jdk.security.jgss jdk.unsupported jdk.unsupported.desktop jdk.xml.dom" 

Environment Variables:
JAVA_HOME=C:\Program Files\Eclipse Adoptium\jdk-17.0.18.8-hotspot\
PATH=C:\Program Files\Common Files\Oracle\Java\javapath;C:\Program Files\Eclipse Adoptium\jdk-17.0.18.8-hotspot\bin;C:\Program Files\Microsoft MPI\Bin\;C:\Program Files (x86)\Common Files\Oracle\Java\java8path;C:\Program Files (x86)\Common Files\Oracle\Java\javapath;C:\Program Files\ImageMagick-7.1.2-Q16-HDRI;C:\Program Files (x86)\VMware\VMware Workstation\bin\;C:\WINDOWS\system32;C:\WINDOWS;C:\WINDOWS\System32\Wbem;C:\WINDOWS\System32\WindowsPowerShell\v1.0\;C:\WINDOWS\System32\OpenSSH\;C:\Program Files\dotnet\;C:\tmp\Bin;C:\tmp\Projects\Bpl;C:\tmp\Rave5;C:\ProgramData\ComposerSetup\bin;C:\Program Files\PuTTY\;C:\FPC\3.2.2\bin\i386-Win32;C:\Program Files\nodejs\;C:\Program Files\cursor\resources\app\bin;C:\ffmpeg\bin;C:\Program Files\GitHub CLI\;C:\Program Files\Microsoft SQL Server\170\Tools\Binn\;C:\Program Files\Git\cmd;C:\Program Files\Cloudflare\Cloudflare WARP\;C:\Program Files\Docker\Docker\resources\bin;C:\Program Files\Go\bin;C:\Users\MyBook Hype AMD\AppData\Local\hermes\hermes-agent\venv\Scripts;C:\Users\MyBook Hype AMD\.local\bin;C:\Users\MyBook Hype AMD\AppData\Local\enowxai;C:\Users\MyBook Hype AMD\Downloads\ulangan\pemweb\chrome-win64\chrome-win64;C:\Users\MyBook Hype AMD\AppData\Local\Programs\Windsurf\bin;C:\Users\MyBook Hype AMD\AppData\Local\Programs\Microsoft VS Code\bin;C:\Users\MyBook Hype AMD\.opencode\bin;C:\Users\MyBook Hype AMD\AppData\Local\Programs\Antigravity\bin;C:\apache-maven-3.9.15\bin;C:\Users\MyBook Hype AMD\AppData\Roaming\npm;C:\Users\MyBook Hype AMD\AppData\Local\Programs\Python\Python313;C:\Users\MyBook Hype AMD\AppData\Local\Programs\Python\Python313\Scripts;C:\xampp\php;C:\Users\MyBook Hype AMD\.bun\bin;C:\Users\MyBook Hype AMD\rtk;;C:\Users\MyBook Hype AMD\forex-orchestrator
USERNAME=MyBook Hype AMD
OS=Windows_NT
PROCESSOR_IDENTIFIER=AMD64 Family 25 Model 80 Stepping 0, AuthenticAMD
TMP=C:\Users\MYBOOK~1\AppData\Local\Temp
TEMP=C:\Users\MYBOOK~1\AppData\Local\Temp




Periodic native trim disabled

---------------  S Y S T E M  ---------------

OS:
 Windows 11 , 64 bit Build 26100 (10.0.26100.8328)
OS uptime: 0 days 22:30 hours
Hyper-V role detected

CPU: total 16 (initial active 16) (16 cores per cpu, 2 threads per core) family 25 model 80 stepping 0 microcode 0xa50000f, cx8, cmov, fxsr, ht, mmx, 3dnowpref, sse, sse2, sse3, ssse3, sse4a, sse4.1, sse4.2, popcnt, lzcnt, tsc, tscinvbit, avx, avx2, aes, erms, clmul, bmi1, bmi2, adx, sha, fma, vzeroupper, clflush, clflushopt, hv, rdtscp, rdpid, fsrm, f16c, cet_ss
Processor Information for the first 16 processors :
  Max Mhz: 2000, Current Mhz: 2000, Mhz Limit: 2000

Memory: 4k page, system-wide physical 15772M (857M free)
TotalPageFile size 31942M (AvailPageFile size 5M)
current process WorkingSet (physical memory assigned to process): 158M, peak: 159M
current process commit charge ("private bytes"): 310M, peak: 312M

vm_info: OpenJDK 64-Bit Server VM (21.0.10+7-LTS) for windows-amd64 JRE (21.0.10+7-LTS), built on 2026-01-20T00:00:00Z by "admin" with MS VC++ 17.12 (VS2022)

END.
